src/modules/pim/controllers/advanced-image.controller.ts(86,9): error TS2345: Argument of type '{ compressionQuality: CompressionQuality; networkQuality: NetworkQualityInfo; productId: string; imageType?: string; position?: number; generateThumbnails?: boolean; ... 11 more ...; productContext?: { name: string; category?: string; description?: string; attributes?: Record<string, any>; }; }' is not assignable to parameter of type '{ productId: string; fileName: string; contentType: string; imageType?: string | undefined; position?: number | undefined; isMain?: boolean | undefined; altText?: string | undefined; compressionQuality?: CompressionQuality | undefined; ... 5 more ...; networkQuality?: any; }'.
  Type '{ compressionQuality: CompressionQuality; networkQuality: NetworkQualityInfo; productId: string; imageType?: string | undefined; position?: number | undefined; ... 12 more ...; productContext?: { ...; } | undefined; }' is missing the following properties from type '{ productId: string; fileName: string; contentType: string; imageType?: string | undefined; position?: number | undefined; isMain?: boolean | undefined; altText?: string | undefined; compressionQuality?: CompressionQuality | undefined; ... 5 more ...; networkQuality?: any; }': fileName, contentType
src/modules/pim/controllers/advanced-image.controller.ts(108,11): error TS2345: Argument of type 'string | undefined' is not assignable to parameter of type 'string'.
  Type 'undefined' is not assignable to type 'string'.
src/modules/pim/controllers/advanced-image.controller.ts(178,9): error TS2345: Argument of type 'string | undefined' is not assignable to parameter of type 'string'.
  Type 'undefined' is not assignable to type 'string'.
src/modules/pim/controllers/advanced-image.controller.ts(225,9): error TS2345: Argument of type 'string | undefined' is not assignable to parameter of type 'string'.
  Type 'undefined' is not assignable to type 'string'.
src/modules/pim/controllers/advanced-image.controller.ts(280,9): error TS2345: Argument of type 'string | undefined' is not assignable to parameter of type 'string'.
  Type 'undefined' is not assignable to type 'string'.
src/modules/pim/controllers/advanced-image.controller.ts(315,9): error TS2345: Argument of type 'string | undefined' is not assignable to parameter of type 'string'.
  Type 'undefined' is not assignable to type 'string'.
src/modules/pim/controllers/advanced-image.controller.ts(358,9): error TS2345: Argument of type 'string | undefined' is not assignable to parameter of type 'string'.
  Type 'undefined' is not assignable to type 'string'.
src/modules/pim/controllers/analytics.controller.ts(59,50): error TS2339: Property 'findAll' does not exist on type 'ProductService'.
src/modules/pim/controllers/analytics.controller.ts(136,19): error TS7006: Parameter 'p' implicitly has an 'any' type.
src/modules/pim/controllers/analytics.controller.ts(145,16): error TS7006: Parameter 'p' implicitly has an 'any' type.
src/modules/pim/controllers/analytics.controller.ts(185,53): error TS2339: Property 'findAll' does not exist on type 'CategoryService'.
src/modules/pim/controllers/analytics.controller.ts(191,50): error TS2339: Property 'findAll' does not exist on type 'ProductService'.
src/modules/pim/controllers/analytics.controller.ts(207,51): error TS7006: Parameter 'category' implicitly has an 'any' type.
src/modules/pim/controllers/analytics.controller.ts(223,34): error TS7006: Parameter 'a' implicitly has an 'any' type.
src/modules/pim/controllers/analytics.controller.ts(223,37): error TS7006: Parameter 'b' implicitly has an 'any' type.
src/modules/pim/controllers/analytics.controller.ts(264,50): error TS2339: Property 'findAll' does not exist on type 'ProductService'.
src/modules/pim/controllers/analytics.controller.ts(271,53): error TS2339: Property 'findAll' does not exist on type 'CategoryService'.
src/modules/pim/controllers/analytics.controller.ts(276,50): error TS7006: Parameter 'c' implicitly has an 'any' type.
src/modules/pim/controllers/analytics.controller.ts(302,38): error TS2339: Property 'name' does not exist on type '{}'.
src/modules/pim/controllers/analytics.controller.ts(392,52): error TS2339: Property 'length' does not exist on type '{ main?: string | undefined; gallery?: string[] | undefined; metadata?: Record<string, { alt?: string | undefined; title?: string | undefined; sortOrder?: number | undefined; }> | undefined; }'.
src/modules/pim/controllers/analytics.controller.ts(393,50): error TS2339: Property 'length' does not exist on type '{ main?: string | undefined; gallery?: string[] | undefined; metadata?: Record<string, { alt?: string | undefined; title?: string | undefined; sortOrder?: number | undefined; }> | undefined; }'.
src/modules/pim/controllers/analytics.controller.ts(394,60): error TS2339: Property 'length' does not exist on type '{ main?: string | undefined; gallery?: string[] | undefined; metadata?: Record<string, { alt?: string | undefined; title?: string | undefined; sortOrder?: number | undefined; }> | undefined; }'.
src/modules/pim/controllers/attribute-template.controller.ts(51,96): error TS2345: Argument of type 'string | undefined' is not assignable to parameter of type 'string'.
  Type 'undefined' is not assignable to type 'string'.
src/modules/pim/controllers/attribute-template.controller.ts(81,7): error TS2345: Argument of type 'string | undefined' is not assignable to parameter of type 'string'.
  Type 'undefined' is not assignable to type 'string'.
src/modules/pim/controllers/attribute-template.controller.ts(134,96): error TS2345: Argument of type 'string | undefined' is not assignable to parameter of type 'string'.
  Type 'undefined' is not assignable to type 'string'.
src/modules/pim/controllers/attribute-template.controller.ts(155,96): error TS2345: Argument of type 'string | undefined' is not assignable to parameter of type 'string'.
  Type 'undefined' is not assignable to type 'string'.
src/modules/pim/controllers/attribute-template.controller.ts(176,80): error TS2345: Argument of type 'string | undefined' is not assignable to parameter of type 'string'.
  Type 'undefined' is not assignable to type 'string'.
src/modules/pim/controllers/attribute-template.controller.ts(190,76): error TS2345: Argument of type 'string | undefined' is not assignable to parameter of type 'string'.
  Type 'undefined' is not assignable to type 'string'.
src/modules/pim/controllers/attribute-template.controller.ts(206,78): error TS2345: Argument of type 'string | undefined' is not assignable to parameter of type 'string'.
  Type 'undefined' is not assignable to type 'string'.
src/modules/pim/controllers/attribute-template.controller.ts(222,83): error TS2345: Argument of type 'string | undefined' is not assignable to parameter of type 'string'.
  Type 'undefined' is not assignable to type 'string'.
src/modules/pim/controllers/attribute-template.controller.ts(249,7): error TS2345: Argument of type 'string | undefined' is not assignable to parameter of type 'string'.
  Type 'undefined' is not assignable to type 'string'.
src/modules/pim/controllers/attribute-template.controller.ts(283,7): error TS2345: Argument of type 'string | undefined' is not assignable to parameter of type 'string'.
  Type 'undefined' is not assignable to type 'string'.
src/modules/pim/controllers/attribute-template.controller.ts(329,77): error TS2345: Argument of type 'string | undefined' is not assignable to parameter of type 'string'.
  Type 'undefined' is not assignable to type 'string'.
src/modules/pim/controllers/b2b.controller.ts(156,16): error TS1016: A required parameter cannot follow an optional parameter.
src/modules/pim/controllers/b2b.controller.ts(640,16): error TS1016: A required parameter cannot follow an optional parameter.
src/modules/pim/controllers/bulk-operations.controller.ts(94,7): error TS2345: Argument of type 'string | undefined' is not assignable to parameter of type 'FlagEvaluationContext'.
  Type 'undefined' is not assignable to type 'FlagEvaluationContext'.
src/modules/pim/controllers/bulk-operations.controller.ts(103,7): error TS2345: Argument of type 'string | undefined' is not assignable to parameter of type 'FlagEvaluationContext'.
  Type 'undefined' is not assignable to type 'FlagEvaluationContext'.
src/modules/pim/controllers/bulk-operations.controller.ts(164,61): error TS2345: Argument of type 'string | undefined' is not assignable to parameter of type 'string'.
  Type 'undefined' is not assignable to type 'string'.
src/modules/pim/controllers/bulk-operations.controller.ts(185,66): error TS2345: Argument of type 'string | undefined' is not assignable to parameter of type 'string'.
  Type 'undefined' is not assignable to type 'string'.
src/modules/pim/controllers/bulk-operations.controller.ts(206,66): error TS2345: Argument of type 'string | undefined' is not assignable to parameter of type 'string'.
  Type 'undefined' is not assignable to type 'string'.
src/modules/pim/controllers/bulk-operations.controller.ts(227,70): error TS2345: Argument of type 'string | undefined' is not assignable to parameter of type 'string'.
  Type 'undefined' is not assignable to type 'string'.
src/modules/pim/controllers/bulk-operations.controller.ts(248,69): error TS2345: Argument of type 'string | undefined' is not assignable to parameter of type 'string'.
  Type 'undefined' is not assignable to type 'string'.
src/modules/pim/controllers/bulk-operations.controller.ts(269,64): error TS2345: Argument of type 'string | undefined' is not assignable to parameter of type 'string'.
  Type 'undefined' is not assignable to type 'string'.
src/modules/pim/controllers/bulk-operations.controller.ts(320,64): error TS2345: Argument of type 'string | undefined' is not assignable to parameter of type 'string'.
  Type 'undefined' is not assignable to type 'string'.
src/modules/pim/controllers/bulk-operations.controller.ts(341,62): error TS2345: Argument of type 'string | undefined' is not assignable to parameter of type 'string'.
  Type 'undefined' is not assignable to type 'string'.
src/modules/pim/controllers/bulk-operations.controller.ts(362,81): error TS2345: Argument of type 'string | undefined' is not assignable to parameter of type 'string'.
  Type 'undefined' is not assignable to type 'string'.
src/modules/pim/controllers/category-classification.controller.ts(172,51): error TS2339: Property 'findById' does not exist on type 'CategoryService'.
src/modules/pim/controllers/category-classification.controller.ts(278,54): error TS2339: Property 'findAll' does not exist on type 'CategoryService'.
src/modules/pim/controllers/category.controller.ts(47,69): error TS2345: Argument of type 'string | undefined' is not assignable to parameter of type 'string'.
  Type 'undefined' is not assignable to type 'string'.
src/modules/pim/controllers/category.controller.ts(148,69): error TS2345: Argument of type 'string | undefined' is not assignable to parameter of type 'string'.
  Type 'undefined' is not assignable to type 'string'.
src/modules/pim/controllers/category.controller.ts(169,69): error TS2345: Argument of type 'string | undefined' is not assignable to parameter of type 'string'.
  Type 'undefined' is not assignable to type 'string'.
src/modules/pim/controllers/category.controller.ts(192,55): error TS2345: Argument of type 'string | undefined' is not assignable to parameter of type 'string'.
  Type 'undefined' is not assignable to type 'string'.
src/modules/pim/controllers/category.controller.ts(206,57): error TS2345: Argument of type 'string | undefined' is not assignable to parameter of type 'string'.
  Type 'undefined' is not assignable to type 'string'.
src/modules/pim/controllers/category.controller.ts(222,58): error TS2345: Argument of type 'string | undefined' is not assignable to parameter of type 'string'.
  Type 'undefined' is not assignable to type 'string'.
src/modules/pim/controllers/category.controller.ts(238,66): error TS2345: Argument of type 'string | undefined' is not assignable to parameter of type 'string'.
  Type 'undefined' is not assignable to type 'string'.
src/modules/pim/controllers/category.controller.ts(254,55): error TS2345: Argument of type 'string | undefined' is not assignable to parameter of type 'string'.
  Type 'undefined' is not assignable to type 'string'.
src/modules/pim/controllers/category.controller.ts(296,60): error TS2345: Argument of type 'string | undefined' is not assignable to parameter of type 'string'.
  Type 'undefined' is not assignable to type 'string'.
src/modules/pim/controllers/category.controller.ts(314,7): error TS2345: Argument of type 'string | undefined' is not assignable to parameter of type 'string'.
  Type 'undefined' is not assignable to type 'string'.
src/modules/pim/controllers/competitive-price-monitoring.controller.ts(54,7): error TS2345: Argument of type 'string | undefined' is not assignable to parameter of type 'string'.
  Type 'undefined' is not assignable to type 'string'.
src/modules/pim/controllers/competitive-price-monitoring.controller.ts(85,7): error TS2345: Argument of type 'string | undefined' is not assignable to parameter of type 'string'.
  Type 'undefined' is not assignable to type 'string'.
src/modules/pim/controllers/competitive-price-monitoring.controller.ts(117,16): error TS1016: A required parameter cannot follow an optional parameter.
src/modules/pim/controllers/competitive-price-monitoring.controller.ts(123,7): error TS2345: Argument of type 'string | undefined' is not assignable to parameter of type 'string'.
  Type 'undefined' is not assignable to type 'string'.
src/modules/pim/controllers/competitive-price-monitoring.controller.ts(145,16): error TS1016: A required parameter cannot follow an optional parameter.
src/modules/pim/controllers/competitive-price-monitoring.controller.ts(151,7): error TS2345: Argument of type 'string | undefined' is not assignable to parameter of type 'string'.
  Type 'undefined' is not assignable to type 'string'.
src/modules/pim/controllers/competitive-price-monitoring.controller.ts(172,16): error TS1016: A required parameter cannot follow an optional parameter.
src/modules/pim/controllers/competitive-price-monitoring.controller.ts(182,7): error TS2345: Argument of type 'string | undefined' is not assignable to parameter of type 'string'.
  Type 'undefined' is not assignable to type 'string'.
src/modules/pim/controllers/competitive-price-monitoring.controller.ts(209,7): error TS2345: Argument of type 'string | undefined' is not assignable to parameter of type 'string'.
  Type 'undefined' is not assignable to type 'string'.
src/modules/pim/controllers/competitive-price-monitoring.controller.ts(231,7): error TS2345: Argument of type 'string | undefined' is not assignable to parameter of type 'string'.
  Type 'undefined' is not assignable to type 'string'.
src/modules/pim/controllers/competitive-price-monitoring.controller.ts(259,16): error TS1016: A required parameter cannot follow an optional parameter.
src/modules/pim/controllers/competitive-price-monitoring.controller.ts(265,7): error TS2345: Argument of type 'string | undefined' is not assignable to parameter of type 'string'.
  Type 'undefined' is not assignable to type 'string'.
src/modules/pim/controllers/competitive-price-monitoring.controller.ts(291,7): error TS2345: Argument of type 'string | undefined' is not assignable to parameter of type 'string'.
  Type 'undefined' is not assignable to type 'string'.
src/modules/pim/controllers/competitive-price-monitoring.controller.ts(312,7): error TS2345: Argument of type 'string | undefined' is not assignable to parameter of type 'string'.
  Type 'undefined' is not assignable to type 'string'.
src/modules/pim/controllers/competitive-price-monitoring.controller.ts(335,16): error TS1016: A required parameter cannot follow an optional parameter.
src/modules/pim/controllers/competitive-price-monitoring.controller.ts(341,7): error TS2345: Argument of type 'string | undefined' is not assignable to parameter of type 'string'.
  Type 'undefined' is not assignable to type 'string'.
src/modules/pim/controllers/competitive-price-monitoring.controller.ts(374,7): error TS2345: Argument of type 'string | undefined' is not assignable to parameter of type 'string'.
  Type 'undefined' is not assignable to type 'string'.
src/modules/pim/controllers/competitive-price-monitoring.controller.ts(402,7): error TS2345: Argument of type 'string | undefined' is not assignable to parameter of type 'string'.
  Type 'undefined' is not assignable to type 'string'.
src/modules/pim/controllers/competitive-price-monitoring.controller.ts(427,7): error TS2345: Argument of type 'string | undefined' is not assignable to parameter of type 'string'.
  Type 'undefined' is not assignable to type 'string'.
src/modules/pim/controllers/competitive-price-monitoring.controller.ts(461,7): error TS2345: Argument of type 'string | undefined' is not assignable to parameter of type 'string'.
  Type 'undefined' is not assignable to type 'string'.
src/modules/pim/controllers/import-export.controller.ts(68,21): error TS2694: Namespace 'global.Express' has no exported member 'Multer'.
src/modules/pim/controllers/import-export.controller.ts(212,23): error TS2532: Object is possibly 'undefined'.
src/modules/pim/controllers/marketplace-connector.controller.ts(443,54): error TS2353: Object literal may only specify known properties, and 'tenantId' does not exist in type 'FindOptions<ProductMarketplaceMapping>'.
src/modules/pim/controllers/mobile-first.controller.ts(88,16): error TS1016: A required parameter cannot follow an optional parameter.
src/modules/pim/controllers/mobile-first.controller.ts(117,50): error TS2339: Property 'findAll' does not exist on type 'ProductService'.
src/modules/pim/controllers/mobile-first.controller.ts(134,42): error TS2339: Property 'isActive' does not exist on type 'LoadSheddingService'.
src/modules/pim/controllers/mobile-first.controller.ts(135,41): error TS2339: Property 'getCurrentStage' does not exist on type 'LoadSheddingService'.
src/modules/pim/controllers/mobile-first.controller.ts(136,55): error TS2339: Property 'getNextScheduledChange' does not exist on type 'LoadSheddingService'.
src/modules/pim/controllers/mobile-first.controller.ts(157,9): error TS7053: Element implicitly has an 'any' type because expression of type '"totalItems"' can't be used to index type '{ optimized: boolean; clientHints?: Record<string, any> | undefined; viewport?: Record<string, any> | undefined; loadShedding?: { active: boolean; stage?: number | undefined; nextScheduledChange?: Date | undefined; } | undefined; networkQuality?: string | undefined; mobileOptimized?: boolean | undefined; }'.
  Property 'totalItems' does not exist on type '{ optimized: boolean; clientHints?: Record<string, any> | undefined; viewport?: Record<string, any> | undefined; loadShedding?: { active: boolean; stage?: number | undefined; nextScheduledChange?: Date | undefined; } | undefined; networkQuality?: string | undefined; mobileOptimized?: boolean | undefined; }'.
src/modules/pim/controllers/mobile-first.controller.ts(158,9): error TS7053: Element implicitly has an 'any' type because expression of type '"totalPages"' can't be used to index type '{ optimized: boolean; clientHints?: Record<string, any> | undefined; viewport?: Record<string, any> | undefined; loadShedding?: { active: boolean; stage?: number | undefined; nextScheduledChange?: Date | undefined; } | undefined; networkQuality?: string | undefined; mobileOptimized?: boolean | undefined; }'.
  Property 'totalPages' does not exist on type '{ optimized: boolean; clientHints?: Record<string, any> | undefined; viewport?: Record<string, any> | undefined; loadShedding?: { active: boolean; stage?: number | undefined; nextScheduledChange?: Date | undefined; } | undefined; networkQuality?: string | undefined; mobileOptimized?: boolean | undefined; }'.
src/modules/pim/controllers/mobile-first.controller.ts(178,16): error TS1016: A required parameter cannot follow an optional parameter.
src/modules/pim/controllers/mobile-first.controller.ts(218,42): error TS2339: Property 'isActive' does not exist on type 'LoadSheddingService'.
src/modules/pim/controllers/mobile-first.controller.ts(219,41): error TS2339: Property 'getCurrentStage' does not exist on type 'LoadSheddingService'.
src/modules/pim/controllers/mobile-first.controller.ts(220,55): error TS2339: Property 'getNextScheduledChange' does not exist on type 'LoadSheddingService'.
src/modules/pim/controllers/mobile-first.controller.ts(255,16): error TS1016: A required parameter cannot follow an optional parameter.
src/modules/pim/controllers/mobile-first.controller.ts(278,53): error TS2339: Property 'findByParent' does not exist on type 'CategoryService'.
src/modules/pim/controllers/mobile-first.controller.ts(291,42): error TS2339: Property 'isActive' does not exist on type 'LoadSheddingService'.
src/modules/pim/controllers/mobile-first.controller.ts(292,41): error TS2339: Property 'getCurrentStage' does not exist on type 'LoadSheddingService'.
src/modules/pim/controllers/mobile-first.controller.ts(293,55): error TS2339: Property 'getNextScheduledChange' does not exist on type 'LoadSheddingService'.
src/modules/pim/controllers/mobile-first.controller.ts(331,16): error TS1016: A required parameter cannot follow an optional parameter.
src/modules/pim/controllers/mobile-first.controller.ts(349,50): error TS2339: Property 'getOptimizedImageUrl' does not exist on type 'NetworkAwareStorageService'.
src/modules/pim/controllers/mobile-first.controller.ts(393,40): error TS2339: Property 'isActive' does not exist on type 'LoadSheddingService'.
src/modules/pim/controllers/mobile-first.controller.ts(394,39): error TS2339: Property 'getCurrentStage' does not exist on type 'LoadSheddingService'.
src/modules/pim/controllers/mobile-first.controller.ts(395,53): error TS2339: Property 'getNextScheduledChange' does not exist on type 'LoadSheddingService'.
src/modules/pim/controllers/mobile-first.controller.ts(446,44): error TS2339: Property 'isActive' does not exist on type 'LoadSheddingService'.
src/modules/pim/controllers/mobile-first.controller.ts(447,43): error TS2339: Property 'getCurrentStage' does not exist on type 'LoadSheddingService'.
src/modules/pim/controllers/mobile-first.controller.ts(448,57): error TS2339: Property 'getNextScheduledChange' does not exist on type 'LoadSheddingService'.
src/modules/pim/controllers/mobile-first.controller.ts(454,49): error TS2339: Property 'isActive' does not exist on type 'LoadSheddingService'.
src/modules/pim/controllers/multi-currency.controller.ts(358,69): error TS2367: This comparison appears to be unintentional because the types 'boolean' and 'string' have no overlap.
src/modules/pim/controllers/pricing-rule.controller.ts(15,35): error TS2307: Cannot find module '../../../common/auth/firebase-auth.guard' or its corresponding type declarations.
src/modules/pim/controllers/product-review.controller.ts(17,35): error TS2307: Cannot find module '../../../common/auth/firebase-auth.guard' or its corresponding type declarations.
src/modules/pim/controllers/product-review.controller.ts(386,56): error TS2551: Property 'assessNetworkQuality' does not exist on type 'NetworkAwareStorageService'. Did you mean 'getNetworkQuality'?
src/modules/pim/controllers/product-review.controller.ts(394,11): error TS18048: 'loadSheddingStatus.currentStage' is possibly 'undefined'.
src/modules/pim/controllers/product-review.controller.ts(677,11): error TS18048: 'loadSheddingStatus.currentStage' is possibly 'undefined'.
src/modules/pim/controllers/product-review.controller.ts(684,53): error TS2345: Argument of type '{ productId: string; variantId?: string | undefined; rating: number; title: string; content: string; pros?: string[] | undefined; cons?: string[] | undefined; recommended?: boolean | undefined; ... 9 more ...; tags?: string[] | undefined; }[]' is not assignable to parameter of type 'Omit<ProductReview, "organizationId" | "id" | "createdAt" | "updatedAt">[]'.
  Type '{ productId: string; variantId?: string | undefined; rating: number; title: string; content: string; pros?: string[] | undefined; cons?: string[] | undefined; recommended?: boolean | undefined; ... 9 more ...; tags?: string[] | undefined; }' is missing the following properties from type 'Omit<ProductReview, "organizationId" | "id" | "createdAt" | "updatedAt">': helpfulCount, notHelpfulCount, reportCount
src/modules/pim/controllers/product.controller.ts(48,66): error TS2345: Argument of type 'string | undefined' is not assignable to parameter of type 'string'.
  Type 'undefined' is not assignable to type 'string'.
src/modules/pim/controllers/product.controller.ts(163,66): error TS2345: Argument of type 'string | undefined' is not assignable to parameter of type 'string'.
  Type 'undefined' is not assignable to type 'string'.
src/modules/pim/controllers/product.controller.ts(184,66): error TS2345: Argument of type 'string | undefined' is not assignable to parameter of type 'string'.
  Type 'undefined' is not assignable to type 'string'.
src/modules/pim/controllers/product.controller.ts(205,58): error TS2345: Argument of type 'string | undefined' is not assignable to parameter of type 'string'.
  Type 'undefined' is not assignable to type 'string'.
src/modules/pim/controllers/product.controller.ts(221,65): error TS2345: Argument of type 'string | undefined' is not assignable to parameter of type 'string'.
  Type 'undefined' is not assignable to type 'string'.
src/modules/pim/controllers/product.controller.ts(244,7): error TS2345: Argument of type 'string | undefined' is not assignable to parameter of type 'string'.
  Type 'undefined' is not assignable to type 'string'.
src/modules/pim/controllers/product.controller.ts(269,7): error TS2345: Argument of type 'string | undefined' is not assignable to parameter of type 'string'.
  Type 'undefined' is not assignable to type 'string'.
src/modules/pim/controllers/product.controller.ts(288,56): error TS2345: Argument of type 'string | undefined' is not assignable to parameter of type 'string'.
  Type 'undefined' is not assignable to type 'string'.
src/modules/pim/controllers/product.controller.ts(330,57): error TS2345: Argument of type 'string | undefined' is not assignable to parameter of type 'string'.
  Type 'undefined' is not assignable to type 'string'.
src/modules/pim/controllers/regional-configuration.controller.ts(96,3): error TS2416: Property 'businessRules' in type 'UpdateRegionDto' is not assignable to the same property in base type 'Partial<RegionConfiguration>'.
  Type '{ defaultTaxRate?: number | undefined; defaultShippingMethods?: string[] | undefined; defaultPaymentMethods?: string[] | undefined; enableMarketplaceIntegration?: boolean | undefined; ... 7 more ...; customSettings?: Record<...> | undefined; } | undefined' is not assignable to type '{ defaultTaxRate: number; defaultShippingMethods: string[]; defaultPaymentMethods: string[]; enableMarketplaceIntegration: boolean; enableMultiWarehouse: boolean; enableLoadSheddingResilience: boolean; ... 5 more ...; customSettings?: Record<...> | undefined; } | undefined'.
    Type '{ defaultTaxRate?: number | undefined; defaultShippingMethods?: string[] | undefined; defaultPaymentMethods?: string[] | undefined; enableMarketplaceIntegration?: boolean | undefined; ... 7 more ...; customSettings?: Record<...> | undefined; }' is not assignable to type '{ defaultTaxRate: number; defaultShippingMethods: string[]; defaultPaymentMethods: string[]; enableMarketplaceIntegration: boolean; enableMultiWarehouse: boolean; enableLoadSheddingResilience: boolean; ... 5 more ...; customSettings?: Record<...> | undefined; }'.
      Types of property 'defaultTaxRate' are incompatible.
        Type 'number | undefined' is not assignable to type 'number'.
          Type 'undefined' is not assignable to type 'number'.
src/modules/pim/controllers/regional-configuration.controller.ts(112,3): error TS2416: Property 'pricingRules' in type 'UpdateRegionDto' is not assignable to the same property in base type 'Partial<RegionConfiguration>'.
  Type '{ roundingRule?: "up" | "down" | "nearest" | undefined; roundToNearest?: number | undefined; pricingEnding?: string | undefined; minimumMarkupPercentage?: number | undefined; } | undefined' is not assignable to type '{ roundingRule: "up" | "down" | "nearest"; roundToNearest?: number | undefined; pricingEnding?: string | undefined; minimumMarkupPercentage?: number | undefined; } | undefined'.
    Type '{ roundingRule?: "up" | "down" | "nearest" | undefined; roundToNearest?: number | undefined; pricingEnding?: string | undefined; minimumMarkupPercentage?: number | undefined; }' is not assignable to type '{ roundingRule: "up" | "down" | "nearest"; roundToNearest?: number | undefined; pricingEnding?: string | undefined; minimumMarkupPercentage?: number | undefined; }'.
      Types of property 'roundingRule' are incompatible.
        Type '"up" | "down" | "nearest" | undefined' is not assignable to type '"up" | "down" | "nearest"'.
          Type 'undefined' is not assignable to type '"up" | "down" | "nearest"'.
src/modules/pim/controllers/regional-configuration.controller.ts(118,3): error TS2416: Property 'localization' in type 'UpdateRegionDto' is not assignable to the same property in base type 'Partial<RegionConfiguration>'.
  Type '{ dateFormat?: string | undefined; numberFormat?: string | undefined; currencyFormat?: string | undefined; addressFormat?: string | undefined; } | undefined' is not assignable to type '{ dateFormat: string; numberFormat: string; currencyFormat: string; addressFormat: string; } | undefined'.
    Type '{ dateFormat?: string | undefined; numberFormat?: string | undefined; currencyFormat?: string | undefined; addressFormat?: string | undefined; }' is not assignable to type '{ dateFormat: string; numberFormat: string; currencyFormat: string; addressFormat: string; }'.
      Types of property 'dateFormat' are incompatible.
        Type 'string | undefined' is not assignable to type 'string'.
          Type 'undefined' is not assignable to type 'string'.
src/modules/pim/controllers/regional-configuration.controller.ts(124,3): error TS2416: Property 'complianceRequirements' in type 'UpdateRegionDto' is not assignable to the same property in base type 'Partial<RegionConfiguration>'.
  Type '{ requiredCertifications?: string[] | undefined; requiredDocumentation?: string[] | undefined; restrictedCategories?: string[] | undefined; warningLabelsRequired?: boolean | undefined; } | undefined' is not assignable to type '{ requiredCertifications: string[]; requiredDocumentation: string[]; restrictedCategories: string[]; warningLabelsRequired: boolean; } | undefined'.
    Type '{ requiredCertifications?: string[] | undefined; requiredDocumentation?: string[] | undefined; restrictedCategories?: string[] | undefined; warningLabelsRequired?: boolean | undefined; }' is not assignable to type '{ requiredCertifications: string[]; requiredDocumentation: string[]; restrictedCategories: string[]; warningLabelsRequired: boolean; }'.
      Types of property 'requiredCertifications' are incompatible.
        Type 'string[] | undefined' is not assignable to type 'string[]'.
          Type 'undefined' is not assignable to type 'string[]'.
src/modules/pim/controllers/regional-configuration.controller.ts(267,58): error TS2345: Argument of type 'UpdateRegionDto' is not assignable to parameter of type 'Partial<RegionConfiguration>'.
  Types of property 'businessRules' are incompatible.
    Type '{ defaultTaxRate?: number | undefined; defaultShippingMethods?: string[] | undefined; defaultPaymentMethods?: string[] | undefined; enableMarketplaceIntegration?: boolean | undefined; ... 7 more ...; customSettings?: Record<...> | undefined; } | undefined' is not assignable to type '{ defaultTaxRate: number; defaultShippingMethods: string[]; defaultPaymentMethods: string[]; enableMarketplaceIntegration: boolean; enableMultiWarehouse: boolean; enableLoadSheddingResilience: boolean; ... 5 more ...; customSettings?: Record<...> | undefined; } | undefined'.
      Type '{ defaultTaxRate?: number | undefined; defaultShippingMethods?: string[] | undefined; defaultPaymentMethods?: string[] | undefined; enableMarketplaceIntegration?: boolean | undefined; ... 7 more ...; customSettings?: Record<...> | undefined; }' is not assignable to type '{ defaultTaxRate: number; defaultShippingMethods: string[]; defaultPaymentMethods: string[]; enableMarketplaceIntegration: boolean; enableMultiWarehouse: boolean; enableLoadSheddingResilience: boolean; ... 5 more ...; customSettings?: Record<...> | undefined; }'.
        Types of property 'defaultTaxRate' are incompatible.
          Type 'number | undefined' is not assignable to type 'number'.
            Type 'undefined' is not assignable to type 'number'.
src/modules/pim/controllers/regional-product.controller.ts(198,16): error TS1016: A required parameter cannot follow an optional parameter.
src/modules/pim/controllers/regional-warehouse.controller.ts(106,16): error TS1016: A required parameter cannot follow an optional parameter.
src/modules/pim/controllers/regional-warehouse.controller.ts(112,51): error TS2367: This comparison appears to be unintentional because the types 'boolean' and 'string' have no overlap.
src/modules/pim/controllers/regional-warehouse.controller.ts(116,34): error TS2367: This comparison appears to be unintentional because the types 'boolean' and 'string' have no overlap.
src/modules/pim/controllers/regional-warehouse.controller.ts(206,16): error TS1016: A required parameter cannot follow an optional parameter.
src/modules/pim/controllers/report-export.controller.ts(62,50): error TS2367: This comparison appears to be unintentional because the types '"low" | "medium" | "high" | undefined' and '"excellent"' have no overlap.
src/modules/pim/controllers/report-export.controller.ts(274,42): error TS2367: This comparison appears to be unintentional because the types '"low" | "medium" | "high" | undefined' and '"excellent"' have no overlap.
src/modules/pim/controllers/tax-rate.controller.ts(119,7): error TS2322: Type '"city" | "province" | "country"' is not assignable to type 'TaxJurisdictionLevel'.
  Type '"city"' is not assignable to type 'TaxJurisdictionLevel'.
src/modules/pim/controllers/tax-rate.controller.ts(156,7): error TS2322: Type '"city" | "province" | "country"' is not assignable to type 'TaxJurisdictionLevel'.
  Type '"city"' is not assignable to type 'TaxJurisdictionLevel'.
src/modules/pim/controllers/tax-rate.controller.ts(211,7): error TS2322: Type '"city" | "province" | "country"' is not assignable to type 'TaxJurisdictionLevel'.
  Type '"city"' is not assignable to type 'TaxJurisdictionLevel'.
src/modules/pim/controllers/validation.controller.ts(170,11): error TS7034: Variable 'variants' implicitly has type 'any[]' in some locations where its type cannot be determined.
src/modules/pim/controllers/validation.controller.ts(181,9): error TS7005: Variable 'variants' implicitly has an 'any[]' type.
src/modules/pim/controllers/validation.controller.ts(291,9): error TS7053: Element implicitly has an 'any' type because expression of type 'string' can't be used to index type '{}'.
  No index signature with a parameter of type 'string' was found on type '{}'.
src/modules/pim/index.ts(51,10): error TS2300: Duplicate identifier 'ReportExporterService'.
src/modules/pim/index.ts(68,3): error TS2305: Module '"./services/cross-border-trade.service"' has no exported member 'TradeAgreement'.
src/modules/pim/index.ts(69,3): error TS2305: Module '"./services/cross-border-trade.service"' has no exported member 'ShippingEstimate'.
src/modules/pim/index.ts(70,3): error TS2305: Module '"./services/cross-border-trade.service"' has no exported member 'ShippingMethod'.
src/modules/pim/index.ts(72,3): error TS2305: Module '"./services/cross-border-trade.service"' has no exported member 'ShipmentStatus'.
src/modules/pim/index.ts(73,3): error TS2305: Module '"./services/cross-border-trade.service"' has no exported member 'DocumentRequirement'.
src/modules/pim/index.ts(74,3): error TS2305: Module '"./services/cross-border-trade.service"' has no exported member 'DocumentType'.
src/modules/pim/index.ts(75,3): error TS2305: Module '"./services/cross-border-trade.service"' has no exported member 'TradeRestriction'.
src/modules/pim/index.ts(110,3): error TS2300: Duplicate identifier 'ReportExporterService'.
src/modules/pim/index.ts(120,10): error TS2300: Duplicate identifier 'TaxRateService'.
src/modules/pim/index.ts(176,3): error TS2300: Duplicate identifier 'ImageUploadOptions'.
src/modules/pim/index.ts(190,10): error TS2300: Duplicate identifier 'ImageUploadOptions'.
src/modules/pim/index.ts(192,3): error TS2305: Module '"./interfaces/tax-rate.interface"' has no exported member 'TaxRate'.
src/modules/pim/index.ts(199,3): error TS2300: Duplicate identifier 'TaxRateService'.
src/modules/pim/index.ts(202,38): error TS2305: Module '"./interfaces/types"' has no exported member 'MarketplaceConnector'.
src/modules/pim/pim.module.ts(43,37): error TS2307: Cannot find module './services/product-batch.service' or its corresponding type declarations.
src/modules/pim/pim.module.ts(85,38): error TS2307: Cannot find module './repositories/data-policy.repository' or its corresponding type declarations.
src/modules/pim/pim.module.ts(86,41): error TS2307: Cannot find module './repositories/consent-record.repository' or its corresponding type declarations.
src/modules/pim/pim.module.ts(87,46): error TS2307: Cannot find module './repositories/data-subject-request.repository' or its corresponding type declarations.
src/modules/pim/pim.module.ts(229,9): error TS2322: Type 'Promise<DynamicModule | typeof AgentFrameworkModule>' is not assignable to type 'Type<any> | DynamicModule | Promise<DynamicModule> | ForwardReference<any>'.
  Type 'Promise<DynamicModule | typeof AgentFrameworkModule>' is not assignable to type 'Promise<DynamicModule>'.
    Type 'DynamicModule | typeof AgentFrameworkModule' is not assignable to type 'DynamicModule'.
      Property 'module' is missing in type 'typeof AgentFrameworkModule' but required in type 'DynamicModule'.
src/modules/pim/pim.module.ts(230,9): error TS2322: Type 'Promise<DynamicModule | typeof CreditSystemModule>' is not assignable to type 'Type<any> | DynamicModule | Promise<DynamicModule> | ForwardReference<any>'.
  Type 'Promise<DynamicModule | typeof CreditSystemModule>' is not assignable to type 'Promise<DynamicModule>'.
    Type 'DynamicModule | typeof CreditSystemModule' is not assignable to type 'DynamicModule'.
      Property 'module' is missing in type 'typeof CreditSystemModule' but required in type 'DynamicModule'.
src/modules/pim/pim.module.ts(231,9): error TS2322: Type 'Promise<DynamicModule | typeof FeatureFlagsModule>' is not assignable to type 'Type<any> | DynamicModule | Promise<DynamicModule> | ForwardReference<any>'.
  Type 'Promise<DynamicModule | typeof FeatureFlagsModule>' is not assignable to type 'Promise<DynamicModule>'.
    Type 'DynamicModule | typeof FeatureFlagsModule' is not assignable to type 'DynamicModule'.
      Property 'module' is missing in type 'typeof FeatureFlagsModule' but required in type 'DynamicModule'.
src/modules/pim/pim.module.ts(232,9): error TS2322: Type 'Promise<DynamicModule | typeof InventoryModule>' is not assignable to type 'Type<any> | DynamicModule | Promise<DynamicModule> | ForwardReference<any>'.
  Type 'Promise<DynamicModule | typeof InventoryModule>' is not assignable to type 'Promise<DynamicModule>'.
    Type 'DynamicModule | typeof InventoryModule' is not assignable to type 'DynamicModule'.
      Property 'module' is missing in type 'typeof InventoryModule' but required in type 'DynamicModule'.
src/modules/pim/repositories/approval-workflow.repository.ts(14,73): error TS2344: Type 'ApprovalWorkflow' does not satisfy the constraint 'FirestoreEntity'.
  Types of property 'id' are incompatible.
    Type 'string | undefined' is not assignable to type 'string'.
      Type 'undefined' is not assignable to type 'string'.
src/modules/pim/repositories/approval-workflow.repository.ts(21,5): error TS2554: Expected 2-3 arguments, but got 1.
src/modules/pim/repositories/approval-workflow.repository.ts(34,33): error TS2339: Property 'executeQuery' does not exist on type 'ApprovalWorkflowRepository'.
src/modules/pim/repositories/approval-workflow.repository.ts(35,30): error TS7006: Parameter 'doc' implicitly has an 'any' type.
src/modules/pim/repositories/approval-workflow.repository.ts(35,42): error TS2339: Property 'mapSnapshotToEntity' does not exist on type 'ApprovalWorkflowRepository'.
src/modules/pim/repositories/approval-workflow.repository.ts(53,33): error TS2339: Property 'executeQuery' does not exist on type 'ApprovalWorkflowRepository'.
src/modules/pim/repositories/approval-workflow.repository.ts(54,30): error TS7006: Parameter 'doc' implicitly has an 'any' type.
src/modules/pim/repositories/approval-workflow.repository.ts(54,42): error TS2339: Property 'mapSnapshotToEntity' does not exist on type 'ApprovalWorkflowRepository'.
src/modules/pim/repositories/approval-workflow.repository.ts(72,33): error TS2339: Property 'executeQuery' does not exist on type 'ApprovalWorkflowRepository'.
src/modules/pim/repositories/approval-workflow.repository.ts(73,30): error TS7006: Parameter 'doc' implicitly has an 'any' type.
src/modules/pim/repositories/approval-workflow.repository.ts(73,42): error TS2339: Property 'mapSnapshotToEntity' does not exist on type 'ApprovalWorkflowRepository'.
src/modules/pim/repositories/approval-workflow.repository.ts(92,33): error TS2339: Property 'executeQuery' does not exist on type 'ApprovalWorkflowRepository'.
src/modules/pim/repositories/approval-workflow.repository.ts(93,44): error TS7006: Parameter 'doc' implicitly has an 'any' type.
src/modules/pim/repositories/approval-workflow.repository.ts(93,56): error TS2339: Property 'mapSnapshotToEntity' does not exist on type 'ApprovalWorkflowRepository'.
src/modules/pim/repositories/approval-workflow.repository.ts(96,32): error TS7006: Parameter 'workflow' implicitly has an 'any' type.
src/modules/pim/repositories/approval-workflow.repository.ts(97,27): error TS7006: Parameter 'step' implicitly has an 'any' type.
src/modules/pim/repositories/approval-workflow.repository.ts(117,33): error TS2339: Property 'executeQuery' does not exist on type 'ApprovalWorkflowRepository'.
src/modules/pim/repositories/approval-workflow.repository.ts(118,44): error TS7006: Parameter 'doc' implicitly has an 'any' type.
src/modules/pim/repositories/approval-workflow.repository.ts(118,56): error TS2339: Property 'mapSnapshotToEntity' does not exist on type 'ApprovalWorkflowRepository'.
src/modules/pim/repositories/approval-workflow.repository.ts(121,32): error TS7006: Parameter 'workflow' implicitly has an 'any' type.
src/modules/pim/repositories/approval-workflow.repository.ts(122,27): error TS7006: Parameter 'step' implicitly has an 'any' type.
src/modules/pim/repositories/b2b-contract.repository.ts(14,68): error TS2344: Type 'CustomerContract' does not satisfy the constraint 'FirestoreEntity'.
  Types of property 'id' are incompatible.
    Type 'string | undefined' is not assignable to type 'string'.
      Type 'undefined' is not assignable to type 'string'.
src/modules/pim/repositories/b2b-contract.repository.ts(21,5): error TS2554: Expected 2-3 arguments, but got 1.
src/modules/pim/repositories/b2b-contract.repository.ts(39,33): error TS2339: Property 'executeQuery' does not exist on type 'B2BContractRepository'.
src/modules/pim/repositories/b2b-contract.repository.ts(40,44): error TS2339: Property 'mapSnapshotToEntity' does not exist on type 'B2BContractRepository'.
src/modules/pim/repositories/b2b-contract.repository.ts(58,33): error TS2339: Property 'executeQuery' does not exist on type 'B2BContractRepository'.
src/modules/pim/repositories/b2b-contract.repository.ts(59,30): error TS7006: Parameter 'doc' implicitly has an 'any' type.
src/modules/pim/repositories/b2b-contract.repository.ts(59,42): error TS2339: Property 'mapSnapshotToEntity' does not exist on type 'B2BContractRepository'.
src/modules/pim/repositories/b2b-contract.repository.ts(76,33): error TS2339: Property 'executeQuery' does not exist on type 'B2BContractRepository'.
src/modules/pim/repositories/b2b-contract.repository.ts(77,30): error TS7006: Parameter 'doc' implicitly has an 'any' type.
src/modules/pim/repositories/b2b-contract.repository.ts(77,42): error TS2339: Property 'mapSnapshotToEntity' does not exist on type 'B2BContractRepository'.
src/modules/pim/repositories/b2b-contract.repository.ts(94,33): error TS2339: Property 'executeQuery' does not exist on type 'B2BContractRepository'.
src/modules/pim/repositories/b2b-contract.repository.ts(95,30): error TS7006: Parameter 'doc' implicitly has an 'any' type.
src/modules/pim/repositories/b2b-contract.repository.ts(95,42): error TS2339: Property 'mapSnapshotToEntity' does not exist on type 'B2BContractRepository'.
src/modules/pim/repositories/b2b-contract.repository.ts(118,33): error TS2339: Property 'executeQuery' does not exist on type 'B2BContractRepository'.
src/modules/pim/repositories/b2b-contract.repository.ts(119,30): error TS7006: Parameter 'doc' implicitly has an 'any' type.
src/modules/pim/repositories/b2b-contract.repository.ts(119,42): error TS2339: Property 'mapSnapshotToEntity' does not exist on type 'B2BContractRepository'.
src/modules/pim/repositories/b2b-contract.repository.ts(137,33): error TS2339: Property 'executeQuery' does not exist on type 'B2BContractRepository'.
src/modules/pim/repositories/b2b-contract.repository.ts(138,30): error TS7006: Parameter 'doc' implicitly has an 'any' type.
src/modules/pim/repositories/b2b-contract.repository.ts(138,42): error TS2339: Property 'mapSnapshotToEntity' does not exist on type 'B2BContractRepository'.
src/modules/pim/repositories/b2b-contract.repository.ts(156,33): error TS2339: Property 'executeQuery' does not exist on type 'B2BContractRepository'.
src/modules/pim/repositories/b2b-contract.repository.ts(157,41): error TS7006: Parameter 'doc' implicitly has an 'any' type.
src/modules/pim/repositories/b2b-contract.repository.ts(157,53): error TS2339: Property 'mapSnapshotToEntity' does not exist on type 'B2BContractRepository'.
src/modules/pim/repositories/b2b-contract.repository.ts(159,29): error TS7006: Parameter 'contract' implicitly has an 'any' type.
src/modules/pim/repositories/b2b-customer.repository.ts(14,68): error TS2344: Type 'B2BCustomer' does not satisfy the constraint 'FirestoreEntity'.
  Types of property 'id' are incompatible.
    Type 'string | undefined' is not assignable to type 'string'.
      Type 'undefined' is not assignable to type 'string'.
src/modules/pim/repositories/b2b-customer.repository.ts(21,5): error TS2554: Expected 2-3 arguments, but got 1.
src/modules/pim/repositories/b2b-customer.repository.ts(39,33): error TS2339: Property 'executeQuery' does not exist on type 'B2BCustomerRepository'.
src/modules/pim/repositories/b2b-customer.repository.ts(40,44): error TS2339: Property 'mapSnapshotToEntity' does not exist on type 'B2BCustomerRepository'.
src/modules/pim/repositories/b2b-customer.repository.ts(57,33): error TS2339: Property 'executeQuery' does not exist on type 'B2BCustomerRepository'.
src/modules/pim/repositories/b2b-customer.repository.ts(58,30): error TS7006: Parameter 'doc' implicitly has an 'any' type.
src/modules/pim/repositories/b2b-customer.repository.ts(58,42): error TS2339: Property 'mapSnapshotToEntity' does not exist on type 'B2BCustomerRepository'.
src/modules/pim/repositories/b2b-customer.repository.ts(75,33): error TS2339: Property 'executeQuery' does not exist on type 'B2BCustomerRepository'.
src/modules/pim/repositories/b2b-customer.repository.ts(76,30): error TS7006: Parameter 'doc' implicitly has an 'any' type.
src/modules/pim/repositories/b2b-customer.repository.ts(76,42): error TS2339: Property 'mapSnapshotToEntity' does not exist on type 'B2BCustomerRepository'.
src/modules/pim/repositories/b2b-customer.repository.ts(93,33): error TS2339: Property 'executeQuery' does not exist on type 'B2BCustomerRepository'.
src/modules/pim/repositories/b2b-customer.repository.ts(94,30): error TS7006: Parameter 'doc' implicitly has an 'any' type.
src/modules/pim/repositories/b2b-customer.repository.ts(94,42): error TS2339: Property 'mapSnapshotToEntity' does not exist on type 'B2BCustomerRepository'.
src/modules/pim/repositories/b2b-customer.repository.ts(111,33): error TS2339: Property 'executeQuery' does not exist on type 'B2BCustomerRepository'.
src/modules/pim/repositories/b2b-customer.repository.ts(112,30): error TS7006: Parameter 'doc' implicitly has an 'any' type.
src/modules/pim/repositories/b2b-customer.repository.ts(112,42): error TS2339: Property 'mapSnapshotToEntity' does not exist on type 'B2BCustomerRepository'.
src/modules/pim/repositories/b2b-customer.repository.ts(129,33): error TS2339: Property 'executeQuery' does not exist on type 'B2BCustomerRepository'.
src/modules/pim/repositories/b2b-customer.repository.ts(130,30): error TS7006: Parameter 'doc' implicitly has an 'any' type.
src/modules/pim/repositories/b2b-customer.repository.ts(130,42): error TS2339: Property 'mapSnapshotToEntity' does not exist on type 'B2BCustomerRepository'.
src/modules/pim/repositories/b2b-customer.repository.ts(147,33): error TS2339: Property 'executeQuery' does not exist on type 'B2BCustomerRepository'.
src/modules/pim/repositories/b2b-customer.repository.ts(148,30): error TS7006: Parameter 'doc' implicitly has an 'any' type.
src/modules/pim/repositories/b2b-customer.repository.ts(148,42): error TS2339: Property 'mapSnapshotToEntity' does not exist on type 'B2BCustomerRepository'.
src/modules/pim/repositories/b2b-customer.repository.ts(165,33): error TS2339: Property 'executeQuery' does not exist on type 'B2BCustomerRepository'.
src/modules/pim/repositories/b2b-customer.repository.ts(166,30): error TS7006: Parameter 'doc' implicitly has an 'any' type.
src/modules/pim/repositories/b2b-customer.repository.ts(166,42): error TS2339: Property 'mapSnapshotToEntity' does not exist on type 'B2BCustomerRepository'.
src/modules/pim/repositories/b2b-price-list.repository.ts(14,69): error TS2344: Type 'B2BPriceList' does not satisfy the constraint 'FirestoreEntity'.
  Types of property 'id' are incompatible.
    Type 'string | undefined' is not assignable to type 'string'.
      Type 'undefined' is not assignable to type 'string'.
src/modules/pim/repositories/b2b-price-list.repository.ts(21,5): error TS2554: Expected 2-3 arguments, but got 1.
src/modules/pim/repositories/b2b-price-list.repository.ts(34,33): error TS2339: Property 'executeQuery' does not exist on type 'B2BPriceListRepository'.
src/modules/pim/repositories/b2b-price-list.repository.ts(35,30): error TS7006: Parameter 'doc' implicitly has an 'any' type.
src/modules/pim/repositories/b2b-price-list.repository.ts(35,42): error TS2339: Property 'mapSnapshotToEntity' does not exist on type 'B2BPriceListRepository'.
src/modules/pim/repositories/b2b-price-list.repository.ts(53,33): error TS2339: Property 'executeQuery' does not exist on type 'B2BPriceListRepository'.
src/modules/pim/repositories/b2b-price-list.repository.ts(54,30): error TS7006: Parameter 'doc' implicitly has an 'any' type.
src/modules/pim/repositories/b2b-price-list.repository.ts(54,42): error TS2339: Property 'mapSnapshotToEntity' does not exist on type 'B2BPriceListRepository'.
src/modules/pim/repositories/b2b-price-list.repository.ts(72,33): error TS2339: Property 'executeQuery' does not exist on type 'B2BPriceListRepository'.
src/modules/pim/repositories/b2b-price-list.repository.ts(73,30): error TS7006: Parameter 'doc' implicitly has an 'any' type.
src/modules/pim/repositories/b2b-price-list.repository.ts(73,42): error TS2339: Property 'mapSnapshotToEntity' does not exist on type 'B2BPriceListRepository'.
src/modules/pim/repositories/b2b-price-list.repository.ts(91,33): error TS2339: Property 'executeQuery' does not exist on type 'B2BPriceListRepository'.
src/modules/pim/repositories/b2b-price-list.repository.ts(92,30): error TS7006: Parameter 'doc' implicitly has an 'any' type.
src/modules/pim/repositories/b2b-price-list.repository.ts(92,42): error TS2339: Property 'mapSnapshotToEntity' does not exist on type 'B2BPriceListRepository'.
src/modules/pim/repositories/b2b-price-list.repository.ts(110,33): error TS2339: Property 'executeQuery' does not exist on type 'B2BPriceListRepository'.
src/modules/pim/repositories/b2b-price-list.repository.ts(111,30): error TS7006: Parameter 'doc' implicitly has an 'any' type.
src/modules/pim/repositories/b2b-price-list.repository.ts(111,42): error TS2339: Property 'mapSnapshotToEntity' does not exist on type 'B2BPriceListRepository'.
src/modules/pim/repositories/b2b-price-list.repository.ts(129,33): error TS2339: Property 'executeQuery' does not exist on type 'B2BPriceListRepository'.
src/modules/pim/repositories/b2b-price-list.repository.ts(130,30): error TS7006: Parameter 'doc' implicitly has an 'any' type.
src/modules/pim/repositories/b2b-price-list.repository.ts(130,42): error TS2339: Property 'mapSnapshotToEntity' does not exist on type 'B2BPriceListRepository'.
src/modules/pim/repositories/b2b-price-list.repository.ts(148,33): error TS2339: Property 'executeQuery' does not exist on type 'B2BPriceListRepository'.
src/modules/pim/repositories/b2b-price-list.repository.ts(152,12): error TS7006: Parameter 'doc' implicitly has an 'any' type.
src/modules/pim/repositories/b2b-price-list.repository.ts(152,24): error TS2339: Property 'mapSnapshotToEntity' does not exist on type 'B2BPriceListRepository'.
src/modules/pim/repositories/b2b-price-list.repository.ts(153,15): error TS7006: Parameter 'priceList' implicitly has an 'any' type.
src/modules/pim/repositories/b2b-price-list.repository.ts(173,33): error TS2339: Property 'executeQuery' does not exist on type 'B2BPriceListRepository'.
src/modules/pim/repositories/b2b-price-list.repository.ts(174,45): error TS7006: Parameter 'doc' implicitly has an 'any' type.
src/modules/pim/repositories/b2b-price-list.repository.ts(174,57): error TS2339: Property 'mapSnapshotToEntity' does not exist on type 'B2BPriceListRepository'.
src/modules/pim/repositories/b2b-price-list.repository.ts(177,33): error TS7006: Parameter 'priceList' implicitly has an 'any' type.
src/modules/pim/repositories/b2b-price-list.repository.ts(178,29): error TS7006: Parameter 'price' implicitly has an 'any' type.
src/modules/pim/repositories/bundle.repository.ts(10,14): error TS2415: Class 'BundleRepository' incorrectly extends base class 'FirestoreBaseRepository<Bundle>'.
  Property 'logger' is private in type 'BundleRepository' but not in type 'FirestoreBaseRepository<Bundle>'.
src/modules/pim/repositories/bundle.repository.ts(10,63): error TS2344: Type 'Bundle' does not satisfy the constraint 'FirestoreEntity'.
  Types of property 'id' are incompatible.
    Type 'string | undefined' is not assignable to type 'string'.
      Type 'undefined' is not assignable to type 'string'.
src/modules/pim/repositories/bundle.repository.ts(16,11): error TS2345: Argument of type 'string' is not assignable to parameter of type 'FirestoreConfigService'.
src/modules/pim/repositories/bundle.repository.ts(70,37): error TS2339: Property 'toDate' does not exist on type 'Date'.
src/modules/pim/repositories/bundle.repository.ts(71,37): error TS2339: Property 'toDate' does not exist on type 'Date'.
src/modules/pim/repositories/competitor-price.repository.ts(11,14): error TS2415: Class 'CompetitorPriceRepository' incorrectly extends base class 'FirestoreBaseRepository<CompetitorPrice>'.
  Property 'logger' is private in type 'CompetitorPriceRepository' but not in type 'FirestoreBaseRepository<CompetitorPrice>'.
src/modules/pim/repositories/competitor-price.repository.ts(11,72): error TS2344: Type 'CompetitorPrice' does not satisfy the constraint 'FirestoreEntity'.
  Types of property 'id' are incompatible.
    Type 'string | undefined' is not assignable to type 'string'.
      Type 'undefined' is not assignable to type 'string'.
src/modules/pim/repositories/competitor-price.repository.ts(15,11): error TS2345: Argument of type 'string' is not assignable to parameter of type 'FirestoreConfigService'.
src/modules/pim/repositories/competitor-price.repository.ts(111,19): error TS2339: Property 'query' does not exist on type 'CompetitorPriceRepository'.
src/modules/pim/repositories/competitor-price.repository.ts(149,33): error TS2339: Property 'query' does not exist on type 'CompetitorPriceRepository'.
src/modules/pim/repositories/competitor-price.repository.ts(160,22): error TS7006: Parameter 'price' implicitly has an 'any' type.
src/modules/pim/repositories/competitor-price.repository.ts(200,19): error TS2339: Property 'query' does not exist on type 'CompetitorPriceRepository'.
src/modules/pim/repositories/competitor-price.repository.ts(228,19): error TS2339: Property 'query' does not exist on type 'CompetitorPriceRepository'.
src/modules/pim/repositories/competitor-price.repository.ts(259,19): error TS2339: Property 'query' does not exist on type 'CompetitorPriceRepository'.
src/modules/pim/repositories/competitor-price.repository.ts(285,19): error TS2339: Property 'query' does not exist on type 'CompetitorPriceRepository'.
src/modules/pim/repositories/competitor-price.repository.ts(386,34): error TS2339: Property 'query' does not exist on type 'CompetitorPriceRepository'.
src/modules/pim/repositories/competitor-price.repository.ts(419,19): error TS2339: Property 'query' does not exist on type 'CompetitorPriceRepository'.
src/modules/pim/repositories/compliance-check.repository.ts(24,72): error TS2344: Type 'ComplianceCheckRecord' does not satisfy the constraint 'FirestoreEntity'.
  Property 'updatedAt' is missing in type 'ComplianceCheckRecord' but required in type 'FirestoreEntity'.
src/modules/pim/repositories/compliance-check.repository.ts(27,7): error TS2345: Argument of type 'string' is not assignable to parameter of type 'FirestoreConfigService'.
src/modules/pim/repositories/compliance-check.repository.ts(35,10): error TS2540: Cannot assign to 'logger' because it is a read-only property.
src/modules/pim/repositories/compliance-check.repository.ts(56,32): error TS2559: Type 'string' has no properties in common with type 'CreateDocumentOptions'.
src/modules/pim/repositories/compliance-check.repository.ts(70,17): error TS2339: Property 'findWithFilters' does not exist on type 'ComplianceCheckRepository'.
src/modules/pim/repositories/compliance-check.repository.ts(93,17): error TS2339: Property 'findWithFilters' does not exist on type 'ComplianceCheckRepository'.
src/modules/pim/repositories/compliance-check.repository.ts(118,17): error TS2339: Property 'findWithFilters' does not exist on type 'ComplianceCheckRepository'.
src/modules/pim/repositories/compliance-check.repository.ts(146,17): error TS2339: Property 'findWithFilters' does not exist on type 'ComplianceCheckRepository'.
src/modules/pim/repositories/compliance-check.repository.ts(171,17): error TS2339: Property 'findWithFilters' does not exist on type 'ComplianceCheckRepository'.
src/modules/pim/repositories/compliance-requirement.repository.ts(15,78): error TS2344: Type 'ComplianceRequirement' does not satisfy the constraint 'FirestoreEntity'.
  Type 'ComplianceRequirement' is missing the following properties from type 'FirestoreEntity': createdAt, updatedAt
src/modules/pim/repositories/compliance-requirement.repository.ts(18,7): error TS2345: Argument of type 'string' is not assignable to parameter of type 'FirestoreConfigService'.
src/modules/pim/repositories/compliance-requirement.repository.ts(26,10): error TS2540: Cannot assign to 'logger' because it is a read-only property.
src/modules/pim/repositories/compliance-requirement.repository.ts(40,17): error TS2339: Property 'findWithFilters' does not exist on type 'ComplianceRequirementRepository'.
src/modules/pim/repositories/compliance-requirement.repository.ts(65,32): error TS2339: Property 'findWithFilters' does not exist on type 'ComplianceRequirementRepository'.
src/modules/pim/repositories/compliance-requirement.repository.ts(95,17): error TS2339: Property 'findWithFilters' does not exist on type 'ComplianceRequirementRepository'.
src/modules/pim/repositories/compliance-requirement.repository.ts(118,17): error TS2339: Property 'findWithFilters' does not exist on type 'ComplianceRequirementRepository'.
src/modules/pim/repositories/compliance-requirement.repository.ts(146,17): error TS2339: Property 'findWithFilters' does not exist on type 'ComplianceRequirementRepository'.
src/modules/pim/repositories/compliance-rule.repository.ts(15,71): error TS2344: Type 'ComplianceRule' does not satisfy the constraint 'FirestoreEntity'.
  Types of property 'version' are incompatible.
    Type 'string' is not assignable to type 'number'.
src/modules/pim/repositories/compliance-rule.repository.ts(18,7): error TS2345: Argument of type 'string' is not assignable to parameter of type 'FirestoreConfigService'.
src/modules/pim/repositories/compliance-rule.repository.ts(26,10): error TS2540: Cannot assign to 'logger' because it is a read-only property.
src/modules/pim/repositories/compliance-rule.repository.ts(42,17): error TS2551: Property 'findWithFilters' does not exist on type 'ComplianceRuleRepository'. Did you mean 'findByFilters'?
src/modules/pim/repositories/compliance-rule.repository.ts(70,17): error TS2551: Property 'findWithFilters' does not exist on type 'ComplianceRuleRepository'. Did you mean 'findByFilters'?
src/modules/pim/repositories/compliance-rule.repository.ts(93,17): error TS2551: Property 'findWithFilters' does not exist on type 'ComplianceRuleRepository'. Did you mean 'findByFilters'?
src/modules/pim/repositories/compliance-rule.repository.ts(173,17): error TS2551: Property 'findWithFilters' does not exist on type 'ComplianceRuleRepository'. Did you mean 'findByFilters'?
src/modules/pim/repositories/customer-group.repository.ts(14,70): error TS2344: Type 'CustomerGroup' does not satisfy the constraint 'FirestoreEntity'.
  Types of property 'id' are incompatible.
    Type 'string | undefined' is not assignable to type 'string'.
      Type 'undefined' is not assignable to type 'string'.
src/modules/pim/repositories/customer-group.repository.ts(21,5): error TS2554: Expected 2-3 arguments, but got 1.
src/modules/pim/repositories/customer-group.repository.ts(34,33): error TS2339: Property 'executeQuery' does not exist on type 'CustomerGroupRepository'.
src/modules/pim/repositories/customer-group.repository.ts(35,30): error TS7006: Parameter 'doc' implicitly has an 'any' type.
src/modules/pim/repositories/customer-group.repository.ts(35,42): error TS2339: Property 'mapSnapshotToEntity' does not exist on type 'CustomerGroupRepository'.
src/modules/pim/repositories/customer-group.repository.ts(52,33): error TS2339: Property 'executeQuery' does not exist on type 'CustomerGroupRepository'.
src/modules/pim/repositories/customer-group.repository.ts(53,30): error TS7006: Parameter 'doc' implicitly has an 'any' type.
src/modules/pim/repositories/customer-group.repository.ts(53,42): error TS2339: Property 'mapSnapshotToEntity' does not exist on type 'CustomerGroupRepository'.
src/modules/pim/repositories/customer-group.repository.ts(70,33): error TS2339: Property 'executeQuery' does not exist on type 'CustomerGroupRepository'.
src/modules/pim/repositories/customer-group.repository.ts(71,30): error TS7006: Parameter 'doc' implicitly has an 'any' type.
src/modules/pim/repositories/customer-group.repository.ts(71,42): error TS2339: Property 'mapSnapshotToEntity' does not exist on type 'CustomerGroupRepository'.
src/modules/pim/repositories/customer-group.repository.ts(88,33): error TS2339: Property 'executeQuery' does not exist on type 'CustomerGroupRepository'.
src/modules/pim/repositories/customer-group.repository.ts(89,30): error TS7006: Parameter 'doc' implicitly has an 'any' type.
src/modules/pim/repositories/customer-group.repository.ts(89,42): error TS2339: Property 'mapSnapshotToEntity' does not exist on type 'CustomerGroupRepository'.
src/modules/pim/repositories/customer-group.repository.ts(108,34): error TS2339: Property 'executeQuery' does not exist on type 'CustomerGroupRepository'.
src/modules/pim/repositories/customer-group.repository.ts(112,12): error TS7006: Parameter 'doc' implicitly has an 'any' type.
src/modules/pim/repositories/customer-group.repository.ts(112,24): error TS2339: Property 'mapSnapshotToEntity' does not exist on type 'CustomerGroupRepository'.
src/modules/pim/repositories/customer-group.repository.ts(113,15): error TS7006: Parameter 'group' implicitly has an 'any' type.
src/modules/pim/repositories/customer-tier.repository.ts(14,69): error TS2344: Type 'CustomerTier' does not satisfy the constraint 'FirestoreEntity'.
  Types of property 'id' are incompatible.
    Type 'string | undefined' is not assignable to type 'string'.
      Type 'undefined' is not assignable to type 'string'.
src/modules/pim/repositories/customer-tier.repository.ts(21,5): error TS2554: Expected 2-3 arguments, but got 1.
src/modules/pim/repositories/customer-tier.repository.ts(39,33): error TS2339: Property 'executeQuery' does not exist on type 'CustomerTierRepository'.
src/modules/pim/repositories/customer-tier.repository.ts(40,44): error TS2339: Property 'mapSnapshotToEntity' does not exist on type 'CustomerTierRepository'.
src/modules/pim/repositories/customer-tier.repository.ts(53,33): error TS2339: Property 'executeQuery' does not exist on type 'CustomerTierRepository'.
src/modules/pim/repositories/customer-tier.repository.ts(54,30): error TS7006: Parameter 'doc' implicitly has an 'any' type.
src/modules/pim/repositories/customer-tier.repository.ts(54,42): error TS2339: Property 'mapSnapshotToEntity' does not exist on type 'CustomerTierRepository'.
src/modules/pim/repositories/customer-tier.repository.ts(71,33): error TS2339: Property 'executeQuery' does not exist on type 'CustomerTierRepository'.
src/modules/pim/repositories/customer-tier.repository.ts(72,30): error TS7006: Parameter 'doc' implicitly has an 'any' type.
src/modules/pim/repositories/customer-tier.repository.ts(72,42): error TS2339: Property 'mapSnapshotToEntity' does not exist on type 'CustomerTierRepository'.
src/modules/pim/repositories/price-alert.repository.ts(11,14): error TS2415: Class 'PriceAlertRepository' incorrectly extends base class 'FirestoreBaseRepository<PriceAlert>'.
  Property 'logger' is private in type 'PriceAlertRepository' but not in type 'FirestoreBaseRepository<PriceAlert>'.
src/modules/pim/repositories/price-alert.repository.ts(11,67): error TS2344: Type 'PriceAlert' does not satisfy the constraint 'FirestoreEntity'.
  Property 'updatedAt' is missing in type 'PriceAlert' but required in type 'FirestoreEntity'.
src/modules/pim/repositories/price-alert.repository.ts(15,11): error TS2345: Argument of type 'string' is not assignable to parameter of type 'FirestoreConfigService'.
src/modules/pim/repositories/price-alert.repository.ts(131,19): error TS2339: Property 'query' does not exist on type 'PriceAlertRepository'.
src/modules/pim/repositories/price-alert.repository.ts(181,19): error TS2339: Property 'query' does not exist on type 'PriceAlertRepository'.
src/modules/pim/repositories/price-alert.repository.ts(204,33): error TS2339: Property 'query' does not exist on type 'PriceAlertRepository'.
src/modules/pim/repositories/price-alert.repository.ts(209,22): error TS7006: Parameter 'alert' implicitly has an 'any' type.
src/modules/pim/repositories/price-history.repository.ts(15,14): error TS2415: Class 'PriceHistoryRepository' incorrectly extends base class 'FirestoreBaseRepository<PriceHistoryRecord>'.
  Property 'logger' is private in type 'PriceHistoryRepository' but not in type 'FirestoreBaseRepository<PriceHistoryRecord>'.
src/modules/pim/repositories/price-history.repository.ts(15,69): error TS2344: Type 'PriceHistoryRecord' does not satisfy the constraint 'FirestoreEntity'.
  Property 'updatedAt' is missing in type 'PriceHistoryRecord' but required in type 'FirestoreEntity'.
src/modules/pim/repositories/price-history.repository.ts(19,11): error TS2345: Argument of type 'string' is not assignable to parameter of type 'FirestoreConfigService'.
src/modules/pim/repositories/price-history.repository.ts(105,19): error TS2339: Property 'query' does not exist on type 'PriceHistoryRepository'.
src/modules/pim/repositories/price-history.repository.ts(160,34): error TS2339: Property 'query' does not exist on type 'PriceHistoryRepository'.
src/modules/pim/repositories/price-history.repository.ts(171,23): error TS7006: Parameter 'record' implicitly has an 'any' type.
src/modules/pim/repositories/price-history.repository.ts(229,34): error TS2339: Property 'query' does not exist on type 'PriceHistoryRepository'.
src/modules/pim/repositories/price-history.repository.ts(237,23): error TS7006: Parameter 'record' implicitly has an 'any' type.
src/modules/pim/repositories/price-history.repository.ts(249,11): error TS18048: 'dayData' is possibly 'undefined'.
src/modules/pim/repositories/price-history.repository.ts(251,11): error TS18048: 'dayData' is possibly 'undefined'.
src/modules/pim/repositories/price-history.repository.ts(279,26): error TS2345: Argument of type 'number | null' is not assignable to parameter of type 'number'.
  Type 'null' is not assignable to type 'number'.
src/modules/pim/repositories/price-history.repository.ts(284,15): error TS2345: Argument of type 'number | null | undefined' is not assignable to parameter of type 'number'.
  Type 'undefined' is not assignable to type 'number'.
src/modules/pim/repositories/price-history.repository.ts(342,9): error TS2322: Type '"VERIFIED" | "UNVERIFIED"' is not assignable to type 'PriceVerificationStatus'.
  Type '"VERIFIED"' is not assignable to type 'PriceVerificationStatus'. Did you mean 'PriceVerificationStatus.UNVERIFIED'?
src/modules/pim/repositories/price-history.repository.ts(393,9): error TS2322: Type '"PENDING" | "FAILED" | "VERIFIED" | "UNVERIFIED"' is not assignable to type 'PriceVerificationStatus'.
  Type '"PENDING"' is not assignable to type 'PriceVerificationStatus'.
src/modules/pim/repositories/price-history.repository.ts(455,34): error TS2339: Property 'query' does not exist on type 'PriceHistoryRepository'.
src/modules/pim/repositories/price-monitoring-config.repository.ts(11,14): error TS2415: Class 'PriceMonitoringConfigRepository' incorrectly extends base class 'FirestoreBaseRepository<PriceMonitoringConfig>'.
  Property 'logger' is private in type 'PriceMonitoringConfigRepository' but not in type 'FirestoreBaseRepository<PriceMonitoringConfig>'.
src/modules/pim/repositories/price-monitoring-config.repository.ts(11,78): error TS2344: Type 'PriceMonitoringConfig' does not satisfy the constraint 'FirestoreEntity'.
  Types of property 'id' are incompatible.
    Type 'string | undefined' is not assignable to type 'string'.
      Type 'undefined' is not assignable to type 'string'.
src/modules/pim/repositories/price-monitoring-config.repository.ts(15,11): error TS2345: Argument of type 'string' is not assignable to parameter of type 'FirestoreConfigService'.
src/modules/pim/repositories/price-monitoring-config.repository.ts(82,34): error TS2339: Property 'query' does not exist on type 'PriceMonitoringConfigRepository'.
src/modules/pim/repositories/price-monitoring-config.repository.ts(109,19): error TS2339: Property 'query' does not exist on type 'PriceMonitoringConfigRepository'.
src/modules/pim/repositories/price-monitoring-config.repository.ts(134,34): error TS2339: Property 'query' does not exist on type 'PriceMonitoringConfigRepository'.
src/modules/pim/repositories/price-monitoring-config.repository.ts(139,23): error TS7006: Parameter 'config' implicitly has an 'any' type.
src/modules/pim/repositories/price-monitoring-config.repository.ts(174,19): error TS2339: Property 'query' does not exist on type 'PriceMonitoringConfigRepository'.
src/modules/pim/repositories/pricing-rule.repository.ts(10,14): error TS2415: Class 'PricingRuleRepository' incorrectly extends base class 'FirestoreBaseRepository<PricingRule>'.
  Property 'logger' is private in type 'PricingRuleRepository' but not in type 'FirestoreBaseRepository<PricingRule>'.
src/modules/pim/repositories/pricing-rule.repository.ts(10,68): error TS2344: Type 'PricingRule' does not satisfy the constraint 'FirestoreEntity'.
  Types of property 'id' are incompatible.
    Type 'string | undefined' is not assignable to type 'string'.
      Type 'undefined' is not assignable to type 'string'.
src/modules/pim/repositories/pricing-rule.repository.ts(16,11): error TS2345: Argument of type 'string' is not assignable to parameter of type 'FirestoreConfigService'.
src/modules/pim/repositories/pricing-rule.repository.ts(81,38): error TS2339: Property 'toDate' does not exist on type 'Date'.
src/modules/pim/repositories/pricing-rule.repository.ts(82,38): error TS2339: Property 'toDate' does not exist on type 'Date'.
src/modules/pim/repositories/pricing-rule.repository.ts(85,50): error TS2339: Property 'toDate' does not exist on type 'Date'.
src/modules/pim/repositories/pricing-rule.repository.ts(86,46): error TS2339: Property 'toDate' does not exist on type 'Date'.
src/modules/pim/repositories/pricing-rule.repository.ts(90,45): error TS2339: Property 'toDate' does not exist on type 'Date'.
src/modules/pim/repositories/pricing-rule.repository.ts(91,41): error TS2339: Property 'toDate' does not exist on type 'Date'.
src/modules/pim/repositories/pricing-rule.repository.ts(95,72): error TS2339: Property 'toDate' does not exist on type 'Date'.
src/modules/pim/repositories/pricing-rule.repository.ts(118,7): error TS2322: Type '{ id: string; createdAt: any; updatedAt: any; schedule: { startDate: any; endDate: any; type: PricingRuleScheduleType; daysOfWeek?: number[] | undefined; timeOfDay?: { ...; } | undefined; intervalMinutes?: number | undefined; }; ... 17 more ...; updatedBy?: string | undefined; }[]' is not assignable to type 'PricingRule[]'.
  Type '{ id: string; createdAt: any; updatedAt: any; schedule: { startDate: any; endDate: any; type: PricingRuleScheduleType; daysOfWeek?: number[]; timeOfDay?: { hour: number; minute: number; }; intervalMinutes?: number; }; ... 17 more ...; updatedBy?: string; }' is not assignable to type 'PricingRule'.
    The types of 'executionStats.totalExecutions' are incompatible between these types.
      Type 'number | undefined' is not assignable to type 'number'.
        Type 'undefined' is not assignable to type 'number'.
src/modules/pim/repositories/pricing-rule.repository.ts(161,32): error TS2345: Argument of type '{ startTime: Date; endTime: Date | null; id: string; status: PricingRuleExecutionStatus; productsAffected: number; failedProducts?: string[]; error?: string; triggeredBy?: string; }' is not assignable to parameter of type 'PricingRuleExecution'.
  Types of property 'endTime' are incompatible.
    Type 'Date | null' is not assignable to type 'Date | undefined'.
      Type 'null' is not assignable to type 'Date | undefined'.
src/modules/pim/repositories/pricing-rule.repository.ts(180,9): error TS2353: Object literal may only specify known properties, and 'updatedAt' does not exist in type 'Partial<Omit<PricingRule, "id" | "createdAt" | "updatedAt">>'.
src/modules/pim/repositories/pricing-rule.repository.ts(221,38): error TS2339: Property 'toDate' does not exist on type 'Date'.
src/modules/pim/repositories/pricing-rule.repository.ts(222,38): error TS2339: Property 'toDate' does not exist on type 'Date'.
src/modules/pim/repositories/pricing-rule.repository.ts(225,50): error TS2339: Property 'toDate' does not exist on type 'Date'.
src/modules/pim/repositories/pricing-rule.repository.ts(226,46): error TS2339: Property 'toDate' does not exist on type 'Date'.
src/modules/pim/repositories/pricing-rule.repository.ts(230,45): error TS2339: Property 'toDate' does not exist on type 'Date'.
src/modules/pim/repositories/pricing-rule.repository.ts(231,41): error TS2339: Property 'toDate' does not exist on type 'Date'.
src/modules/pim/repositories/pricing-rule.repository.ts(235,72): error TS2339: Property 'toDate' does not exist on type 'Date'.
src/modules/pim/repositories/pricing-rule.repository.ts(254,7): error TS2322: Type '{ id: string; createdAt: any; updatedAt: any; schedule: { startDate: any; endDate: any; type: PricingRuleScheduleType; daysOfWeek?: number[] | undefined; timeOfDay?: { ...; } | undefined; intervalMinutes?: number | undefined; }; ... 17 more ...; updatedBy?: string | undefined; }[]' is not assignable to type 'PricingRule[]'.
  Type '{ id: string; createdAt: any; updatedAt: any; schedule: { startDate: any; endDate: any; type: PricingRuleScheduleType; daysOfWeek?: number[]; timeOfDay?: { hour: number; minute: number; }; intervalMinutes?: number; }; ... 17 more ...; updatedBy?: string; }' is not assignable to type 'PricingRule'.
    The types of 'executionStats.totalExecutions' are incompatible between these types.
      Type 'number | undefined' is not assignable to type 'number'.
        Type 'undefined' is not assignable to type 'number'.
src/modules/pim/repositories/pricing-rule.repository.ts(278,59): error TS7006: Parameter 'execution' implicitly has an 'any' type.
src/modules/pim/repositories/product-attribute.repository.ts(112,7): error TS2345: Argument of type 'string' is not assignable to parameter of type 'FirestoreConfigService'.
src/modules/pim/repositories/product-attribute.repository.ts(120,10): error TS2540: Cannot assign to 'logger' because it is a read-only property.
src/modules/pim/repositories/product-attribute.repository.ts(138,43): error TS2559: Type 'string' has no properties in common with type 'FindOptions<ProductAttribute>'.
src/modules/pim/repositories/product-attribute.repository.ts(153,17): error TS2339: Property 'findWithFilters' does not exist on type 'ProductAttributeRepository'.
src/modules/pim/repositories/product-attribute.repository.ts(172,17): error TS2339: Property 'findWithFilters' does not exist on type 'ProductAttributeRepository'.
src/modules/pim/repositories/product-attribute.repository.ts(191,17): error TS2339: Property 'findWithFilters' does not exist on type 'ProductAttributeRepository'.
src/modules/pim/repositories/product-attribute.repository.ts(210,17): error TS2339: Property 'findWithFilters' does not exist on type 'ProductAttributeRepository'.
src/modules/pim/repositories/product-attribute.repository.ts(233,17): error TS2339: Property 'findWithFilters' does not exist on type 'ProductAttributeRepository'.
src/modules/pim/repositories/product-marketplace-mapping.repository.ts(10,10): error TS2305: Module '"../../../config/firestore.config"' has no exported member 'FirestoreService'.
src/modules/pim/repositories/product-marketplace-mapping.repository.ts(24,5): error TS2554: Expected 2-3 arguments, but got 1.
src/modules/pim/repositories/product-marketplace-mapping.repository.ts(36,7): error TS2353: Object literal may only specify known properties, and 'tenantId' does not exist in type 'FindOptions<ProductMarketplaceMapping>'.
src/modules/pim/repositories/product-marketplace-mapping.repository.ts(57,7): error TS2353: Object literal may only specify known properties, and 'tenantId' does not exist in type 'FindOptions<ProductMarketplaceMapping>'.
src/modules/pim/repositories/product-marketplace-mapping.repository.ts(78,7): error TS2353: Object literal may only specify known properties, and 'tenantId' does not exist in type 'FindOptions<ProductMarketplaceMapping>'.
src/modules/pim/repositories/product-marketplace-mapping.repository.ts(103,7): error TS2353: Object literal may only specify known properties, and 'tenantId' does not exist in type 'FindOptions<ProductMarketplaceMapping>'.
src/modules/pim/repositories/product-marketplace-mapping.repository.ts(128,7): error TS2353: Object literal may only specify known properties, and 'tenantId' does not exist in type 'FindOptions<ProductMarketplaceMapping>'.
src/modules/pim/repositories/product-marketplace-mapping.repository.ts(155,62): error TS2322: Type 'string' is not assignable to type '"error" | "pending" | "active" | "inactive"'.
src/modules/pim/repositories/product-marketplace-mapping.repository.ts(159,7): error TS2353: Object literal may only specify known properties, and 'tenantId' does not exist in type 'FindOptions<ProductMarketplaceMapping>'.
src/modules/pim/repositories/product-marketplace-mapping.repository.ts(196,62): error TS2322: Type 'string' is not assignable to type 'Date | string[]'.
src/modules/pim/repositories/product-marketplace-mapping.repository.ts(200,7): error TS2353: Object literal may only specify known properties, and 'tenantId' does not exist in type 'FindOptions<ProductMarketplaceMapping>'.
src/modules/pim/repositories/product-marketplace-mapping.repository.ts(233,36): error TS2559: Type 'string' has no properties in common with type 'UpdateDocumentOptions'.
src/modules/pim/repositories/product-review.repository.ts(11,14): error TS2415: Class 'ProductReviewRepository' incorrectly extends base class 'FirestoreBaseRepository<ProductReview>'.
  Property 'logger' is private in type 'ProductReviewRepository' but not in type 'FirestoreBaseRepository<ProductReview>'.
src/modules/pim/repositories/product-review.repository.ts(11,70): error TS2344: Type 'ProductReview' does not satisfy the constraint 'FirestoreEntity'.
  Types of property 'id' are incompatible.
    Type 'string | undefined' is not assignable to type 'string'.
      Type 'undefined' is not assignable to type 'string'.
src/modules/pim/repositories/product-review.repository.ts(15,11): error TS2345: Argument of type 'string' is not assignable to parameter of type 'FirestoreConfigService'.
src/modules/pim/repositories/product-review.repository.ts(136,25): error TS2339: Property 'query' does not exist on type 'ProductReviewRepository'.
src/modules/pim/repositories/product-review.repository.ts(186,25): error TS2339: Property 'query' does not exist on type 'ProductReviewRepository'.
src/modules/pim/repositories/product-review.repository.ts(227,34): error TS2339: Property 'query' does not exist on type 'ProductReviewRepository'.
src/modules/pim/repositories/product-review.repository.ts(238,23): error TS7006: Parameter 'review' implicitly has an 'any' type.
src/modules/pim/repositories/product-review.repository.ts(262,42): error TS2339: Property 'get' does not exist on type 'TransactionContext'.
src/modules/pim/repositories/product-review.repository.ts(262,51): error TS6234: This expression is not callable because it is a 'get' accessor. Did you mean to use it without '()'?
  Type 'TypedCollectionReference<ProductReview>' has no call signatures.
src/modules/pim/repositories/product-review.repository.ts(272,23): error TS2339: Property 'update' does not exist on type 'TransactionContext'.
src/modules/pim/repositories/product-review.repository.ts(272,35): error TS6234: This expression is not callable because it is a 'get' accessor. Did you mean to use it without '()'?
  Type 'TypedCollectionReference<ProductReview>' has no call signatures.
src/modules/pim/repositories/product-review.repository.ts(277,23): error TS2339: Property 'update' does not exist on type 'TransactionContext'.
src/modules/pim/repositories/product-review.repository.ts(277,35): error TS6234: This expression is not callable because it is a 'get' accessor. Did you mean to use it without '()'?
  Type 'TypedCollectionReference<ProductReview>' has no call signatures.
src/modules/pim/repositories/product-review.repository.ts(297,42): error TS2339: Property 'get' does not exist on type 'TransactionContext'.
src/modules/pim/repositories/product-review.repository.ts(297,51): error TS6234: This expression is not callable because it is a 'get' accessor. Did you mean to use it without '()'?
  Type 'TypedCollectionReference<ProductReview>' has no call signatures.
src/modules/pim/repositories/product-review.repository.ts(315,21): error TS2339: Property 'update' does not exist on type 'TransactionContext'.
src/modules/pim/repositories/product-review.repository.ts(315,33): error TS6234: This expression is not callable because it is a 'get' accessor. Did you mean to use it without '()'?
  Type 'TypedCollectionReference<ProductReview>' has no call signatures.
src/modules/pim/repositories/product-review.repository.ts(409,25): error TS2339: Property 'query' does not exist on type 'ProductReviewRepository'.
src/modules/pim/repositories/product-review.repository.ts(509,25): error TS2339: Property 'query' does not exist on type 'ProductReviewRepository'.
src/modules/pim/repositories/product-variant.repository.ts(4,10): error TS2305: Module '"../../../config/firestore.config"' has no exported member 'FirestoreService'.
src/modules/pim/repositories/product-variant.repository.ts(17,5): error TS2554: Expected 2-3 arguments, but got 1.
src/modules/pim/repositories/product-variant.repository.ts(29,7): error TS2353: Object literal may only specify known properties, and 'tenantId' does not exist in type 'FindOptions<ProductVariant>'.
src/modules/pim/repositories/product-variant.repository.ts(44,7): error TS2353: Object literal may only specify known properties, and 'tenantId' does not exist in type 'FindOptions<ProductVariant>'.
src/modules/pim/repositories/product-variant.repository.ts(67,43): error TS2353: Object literal may only specify known properties, and 'tenantId' does not exist in type 'FindOptions<ProductVariant>'.
src/modules/pim/repositories/product-variant.repository.ts(84,52): error TS2559: Type 'string' has no properties in common with type 'FindByIdOptions'.
src/modules/pim/repositories/product-variant.repository.ts(90,49): error TS2559: Type 'string' has no properties in common with type 'UpdateDocumentOptions'.
src/modules/pim/repositories/product-variant.repository.ts(104,31): error TS2559: Type 'string' has no properties in common with type 'DeleteDocumentOptions'.
src/modules/pim/repositories/purchase-order.repository.ts(14,70): error TS2344: Type 'PurchaseOrder' does not satisfy the constraint 'FirestoreEntity'.
  Types of property 'id' are incompatible.
    Type 'string | undefined' is not assignable to type 'string'.
      Type 'undefined' is not assignable to type 'string'.
src/modules/pim/repositories/purchase-order.repository.ts(21,5): error TS2554: Expected 2-3 arguments, but got 1.
src/modules/pim/repositories/purchase-order.repository.ts(39,33): error TS2339: Property 'executeQuery' does not exist on type 'PurchaseOrderRepository'.
src/modules/pim/repositories/purchase-order.repository.ts(40,44): error TS2339: Property 'mapSnapshotToEntity' does not exist on type 'PurchaseOrderRepository'.
src/modules/pim/repositories/purchase-order.repository.ts(66,33): error TS2339: Property 'executeQuery' does not exist on type 'PurchaseOrderRepository'.
src/modules/pim/repositories/purchase-order.repository.ts(67,30): error TS7006: Parameter 'doc' implicitly has an 'any' type.
src/modules/pim/repositories/purchase-order.repository.ts(67,42): error TS2339: Property 'mapSnapshotToEntity' does not exist on type 'PurchaseOrderRepository'.
src/modules/pim/repositories/purchase-order.repository.ts(85,33): error TS2339: Property 'executeQuery' does not exist on type 'PurchaseOrderRepository'.
src/modules/pim/repositories/purchase-order.repository.ts(86,30): error TS7006: Parameter 'doc' implicitly has an 'any' type.
src/modules/pim/repositories/purchase-order.repository.ts(86,42): error TS2339: Property 'mapSnapshotToEntity' does not exist on type 'PurchaseOrderRepository'.
src/modules/pim/repositories/purchase-order.repository.ts(104,33): error TS2339: Property 'executeQuery' does not exist on type 'PurchaseOrderRepository'.
src/modules/pim/repositories/purchase-order.repository.ts(105,30): error TS7006: Parameter 'doc' implicitly has an 'any' type.
src/modules/pim/repositories/purchase-order.repository.ts(105,42): error TS2339: Property 'mapSnapshotToEntity' does not exist on type 'PurchaseOrderRepository'.
src/modules/pim/repositories/purchase-order.repository.ts(119,33): error TS2339: Property 'executeQuery' does not exist on type 'PurchaseOrderRepository'.
src/modules/pim/repositories/purchase-order.repository.ts(120,30): error TS7006: Parameter 'doc' implicitly has an 'any' type.
src/modules/pim/repositories/purchase-order.repository.ts(120,42): error TS2339: Property 'mapSnapshotToEntity' does not exist on type 'PurchaseOrderRepository'.
src/modules/pim/repositories/purchase-order.repository.ts(141,33): error TS2339: Property 'executeQuery' does not exist on type 'PurchaseOrderRepository'.
src/modules/pim/repositories/purchase-order.repository.ts(142,30): error TS7006: Parameter 'doc' implicitly has an 'any' type.
src/modules/pim/repositories/purchase-order.repository.ts(142,42): error TS2339: Property 'mapSnapshotToEntity' does not exist on type 'PurchaseOrderRepository'.
src/modules/pim/repositories/purchase-order.repository.ts(185,33): error TS2339: Property 'executeQuery' does not exist on type 'PurchaseOrderRepository'.
src/modules/pim/repositories/purchase-order.repository.ts(186,30): error TS7006: Parameter 'doc' implicitly has an 'any' type.
src/modules/pim/repositories/purchase-order.repository.ts(186,42): error TS2339: Property 'mapSnapshotToEntity' does not exist on type 'PurchaseOrderRepository'.
src/modules/pim/repositories/purchase-order.repository.ts(203,33): error TS2339: Property 'executeQuery' does not exist on type 'PurchaseOrderRepository'.
src/modules/pim/repositories/purchase-order.repository.ts(204,41): error TS7006: Parameter 'doc' implicitly has an 'any' type.
src/modules/pim/repositories/purchase-order.repository.ts(204,53): error TS2339: Property 'mapSnapshotToEntity' does not exist on type 'PurchaseOrderRepository'.
src/modules/pim/repositories/purchase-order.repository.ts(207,29): error TS7006: Parameter 'order' implicitly has an 'any' type.
src/modules/pim/repositories/purchase-order.repository.ts(208,24): error TS7006: Parameter 'item' implicitly has an 'any' type.
src/modules/pim/repositories/regional-configuration.repository.ts(18,7): error TS2345: Argument of type 'string' is not assignable to parameter of type 'FirestoreConfigService'.
src/modules/pim/repositories/regional-configuration.repository.ts(26,10): error TS2540: Cannot assign to 'logger' because it is a read-only property.
src/modules/pim/repositories/regional-configuration.repository.ts(40,17): error TS2339: Property 'findWithFilters' does not exist on type 'RegionalConfigurationRepository'.
src/modules/pim/repositories/regional-configuration.repository.ts(59,17): error TS2339: Property 'findWithFilters' does not exist on type 'RegionalConfigurationRepository'.
src/modules/pim/repositories/regional-configuration.repository.ts(82,40): error TS2559: Type 'string' has no properties in common with type 'FindOptions<RegionConfiguration>'.
src/modules/pim/repositories/regional-configuration.repository.ts(101,40): error TS2559: Type 'string' has no properties in common with type 'FindOptions<RegionConfiguration>'.
src/modules/pim/repositories/regional-configuration.repository.ts(120,40): error TS2559: Type 'string' has no properties in common with type 'FindOptions<RegionConfiguration>'.
src/modules/pim/repositories/regional-configuration.repository.ts(140,40): error TS2559: Type 'string' has no properties in common with type 'FindOptions<RegionConfiguration>'.
src/modules/pim/repositories/regional-configuration.repository.ts(143,7): error TS7053: Element implicitly has an 'any' type because expression of type 'string' can't be used to index type '{ defaultTaxRate: number; defaultShippingMethods: string[]; defaultPaymentMethods: string[]; enableMarketplaceIntegration: boolean; enableMultiWarehouse: boolean; enableLoadSheddingResilience: boolean; ... 5 more ...; customSettings?: Record<...> | undefined; }'.
  No index signature with a parameter of type 'string' was found on type '{ defaultTaxRate: number; defaultShippingMethods: string[]; defaultPaymentMethods: string[]; enableMarketplaceIntegration: boolean; enableMultiWarehouse: boolean; enableLoadSheddingResilience: boolean; ... 5 more ...; customSettings?: Record<...> | undefined; }'.
src/modules/pim/repositories/tax-rate.repository.ts(22,62): error TS2344: Type 'TaxRateSchedule' does not satisfy the constraint 'TenantEntity'.
  Property 'organizationId' is missing in type 'TaxRateSchedule' but required in type 'TenantEntity'.
src/modules/pim/repositories/tax-rate.repository.ts(72,7): error TS2322: Type 'Date' is not assignable to type 'string'.
src/modules/pim/repositories/tax-rate.repository.ts(77,7): error TS2322: Type '{ field: string; operator: string; value: string; }[]' is not assignable to type 'FirestoreAdvancedFilter<TaxRateSchedule>[]'.
  Type '{ field: string; operator: string; value: string; }' is not assignable to type 'FirestoreAdvancedFilter<TaxRateSchedule>'.
    Types of property 'operator' are incompatible.
      Type 'string' is not assignable to type 'QueryFilterOperator'.
src/modules/pim/repositories/tax-rate.repository.ts(128,7): error TS2322: Type 'Date' is not assignable to type 'string'.
src/modules/pim/repositories/tax-rate.repository.ts(135,7): error TS2322: Type 'boolean' is not assignable to type 'string'.
src/modules/pim/repositories/tax-rate.repository.ts(140,7): error TS2322: Type '{ field: string; operator: string; value: string; }[]' is not assignable to type 'FirestoreAdvancedFilter<TaxRateSchedule>[]'.
  Type '{ field: string; operator: string; value: string; }' is not assignable to type 'FirestoreAdvancedFilter<TaxRateSchedule>'.
    Types of property 'operator' are incompatible.
      Type 'string' is not assignable to type 'QueryFilterOperator'.
src/modules/pim/repositories/tax-rate.repository.ts(176,11): error TS18048: 'rate.metadata' is possibly 'undefined'.
src/modules/pim/repositories/tax-rate.repository.ts(212,9): error TS2322: Type 'Date' is not assignable to type 'string'.
src/modules/pim/repositories/tax-rate.repository.ts(218,7): error TS2322: Type '{ field: string; operator: string; value: string; }[]' is not assignable to type 'FirestoreAdvancedFilter<TaxRateSchedule>[]'.
  Type '{ field: string; operator: string; value: string; }' is not assignable to type 'FirestoreAdvancedFilter<TaxRateSchedule>'.
    Types of property 'operator' are incompatible.
      Type 'string' is not assignable to type 'QueryFilterOperator'.
src/modules/pim/repositories/tax-rate.repository.ts(257,7): error TS2322: Type '{ field: string; operator: string; value: string; }[]' is not assignable to type 'FirestoreAdvancedFilter<TaxRateSchedule>[]'.
  Type '{ field: string; operator: string; value: string; }' is not assignable to type 'FirestoreAdvancedFilter<TaxRateSchedule>'.
    Types of property 'operator' are incompatible.
      Type 'string' is not assignable to type 'QueryFilterOperator'.
src/modules/pim/repositories/tax-rate.repository.ts(281,7): error TS2322: Type 'boolean' is not assignable to type 'string'.
src/modules/pim/repositories/tax-rate.repository.ts(289,7): error TS2322: Type 'Date' is not assignable to type 'string'.
src/modules/pim/repositories/tax-rate.repository.ts(294,7): error TS2322: Type '{ field: string; operator: string; value: string; }[]' is not assignable to type 'FirestoreAdvancedFilter<TaxRateSchedule>[]'.
  Type '{ field: string; operator: string; value: string; }' is not assignable to type 'FirestoreAdvancedFilter<TaxRateSchedule>'.
    Types of property 'operator' are incompatible.
      Type 'string' is not assignable to type 'QueryFilterOperator'.
src/modules/pim/services/african-tax-framework.service.ts(279,24): error TS18048: 'countryRules' is possibly 'undefined'.
src/modules/pim/services/african-tax-framework.service.ts(305,13): error TS2322: Type '"city" | "province" | "country"' is not assignable to type 'TaxJurisdictionLevel'.
  Type '"city"' is not assignable to type 'TaxJurisdictionLevel'.
src/modules/pim/services/african-tax-framework.service.ts(352,15): error TS2322: Type '"province"' is not assignable to type 'TaxJurisdictionLevel'.
src/modules/pim/services/african-tax-framework.service.ts(484,7): error TS2322: Type '"country"' is not assignable to type 'TaxJurisdictionLevel'.
src/modules/pim/services/african-tax-framework.service.ts(580,10): error TS18048: 'countryRules' is possibly 'undefined'.
src/modules/pim/services/african-tax-framework.service.ts(674,7): error TS2322: Type '"country"' is not assignable to type 'TaxJurisdictionLevel'.
src/modules/pim/services/african-tax-framework.service.ts(690,9): error TS18048: 'countryRules' is possibly 'undefined'.
src/modules/pim/services/african-tax-framework.service.ts(702,18): error TS18048: 'countryRules' is possibly 'undefined'.
src/modules/pim/services/b2b/b2b-service.ts(265,39): error TS2339: Property 'findByOrganizationId' does not exist on type 'B2BCustomerRepository'.
src/modules/pim/services/b2b/b2b-service.ts(330,7): error TS2353: Object literal may only specify known properties, and 'updatedAt' does not exist in type 'Partial<Omit<B2BCustomer, "id" | "createdAt" | "updatedAt">>'.
src/modules/pim/services/b2b/b2b-service.ts(399,9): error TS2353: Object literal may only specify known properties, and 'updatedAt' does not exist in type 'Partial<Omit<B2BCustomer, "id" | "createdAt" | "updatedAt">>'.
src/modules/pim/services/b2b/b2b-service.ts(470,7): error TS2353: Object literal may only specify known properties, and 'updatedAt' does not exist in type 'Partial<Omit<B2BPriceList, "id" | "createdAt" | "updatedAt">>'.
src/modules/pim/services/b2b/b2b-service.ts(604,7): error TS2353: Object literal may only specify known properties, and 'updatedAt' does not exist in type 'Partial<Omit<CustomerContract, "id" | "createdAt" | "updatedAt">>'.
src/modules/pim/services/b2b/b2b-service.ts(663,47): error TS2554: Expected 2 arguments, but got 1.
src/modules/pim/services/b2b/b2b-service.ts(1214,57): error TS2538: Type 'undefined' cannot be used as an index type.
src/modules/pim/services/bulk-operations/attribute-template-bulk-operations.service.ts(93,83): error TS2554: Expected 1 arguments, but got 2.
src/modules/pim/services/bulk-operations/attribute-template-bulk-operations.service.ts(131,96): error TS2339: Property 'key' does not exist on type 'ProductAttribute'.
src/modules/pim/services/bulk-operations/attribute-template-bulk-operations.service.ts(139,68): error TS2339: Property 'key' does not exist on type 'ProductAttribute'.
src/modules/pim/services/bulk-operations/attribute-template-bulk-operations.service.ts(144,63): error TS2339: Property 'key' does not exist on type 'ProductAttribute'.
src/modules/pim/services/bulk-operations/attribute-template-bulk-operations.service.ts(194,9): error TS7053: Element implicitly has an 'any' type because expression of type 'string' can't be used to index type '{}'.
  No index signature with a parameter of type 'string' was found on type '{}'.
src/modules/pim/services/bulk-operations/attribute-template-bulk-operations.service.ts(198,11): error TS2740: Type '{}' is missing the following properties from type '{ marketplaceId: string; attributeMappings: Record<string, string>; }[]': length, pop, push, concat, and 29 more.
src/modules/pim/services/bulk-operations/bulk-operations.service.ts(113,7): error TS2345: Argument of type 'number | undefined' is not assignable to parameter of type 'number'.
  Type 'undefined' is not assignable to type 'number'.
src/modules/pim/services/bulk-operations/bulk-operations.service.ts(123,48): error TS2345: Argument of type 'number | undefined' is not assignable to parameter of type 'number'.
  Type 'undefined' is not assignable to type 'number'.
src/modules/pim/services/bulk-operations/bulk-operations.service.ts(245,11): error TS2345: Argument of type 'number | undefined' is not assignable to parameter of type 'number'.
  Type 'undefined' is not assignable to type 'number'.
src/modules/pim/services/bulk-operations/bulk-operations.service.ts(255,35): error TS18048: 'options.maxRetries' is possibly 'undefined'.
src/modules/pim/services/bulk-operations/bulk-operations.service.ts(263,25): error TS18048: 'options.retryDelay' is possibly 'undefined'.
src/modules/pim/services/bulk-operations/category-bulk-operations.service.ts(99,65): error TS2554: Expected 1 arguments, but got 2.
src/modules/pim/services/bulk-operations/category-bulk-operations.service.ts(177,53): error TS2339: Property 'marketplaceCategoryId' does not exist on type '{ marketplaceId: string; externalId: string; externalName?: string | undefined; }'.
src/modules/pim/services/bulk-operations/category-bulk-operations.service.ts(182,13): error TS2353: Object literal may only specify known properties, and 'marketplaceCategoryId' does not exist in type '{ marketplaceId: string; externalId: string; externalName?: string | undefined; }'.
src/modules/pim/services/bulk-operations/product-bulk-operations.service.ts(314,16): error TS2790: The operand of a 'delete' operator must be optional.
src/modules/pim/services/bulk-operations/product-bulk-operations.service.ts(340,11): error TS2559: Type 'never[]' has no properties in common with type '{ main?: string | undefined; gallery?: string[] | undefined; metadata?: Record<string, { alt?: string | undefined; title?: string | undefined; sortOrder?: number | undefined; }> | undefined; }'.
src/modules/pim/services/bundle.service.ts(79,9): error TS2322: Type 'string[] | undefined' is not assignable to type '{ main?: string | undefined; gallery?: string[] | undefined; metadata?: Record<string, { alt?: string | undefined; title?: string | undefined; sortOrder?: number | undefined; }> | undefined; } | undefined'.
  Type 'string[]' has no properties in common with type '{ main?: string | undefined; gallery?: string[] | undefined; metadata?: Record<string, { alt?: string | undefined; title?: string | undefined; sortOrder?: number | undefined; }> | undefined; }'.
src/modules/pim/services/bundle.service.ts(80,9): error TS2322: Type 'Record<string, any> | undefined' is not assignable to type 'ProductAttribute[] | undefined'.
  Type 'Record<string, any>' is missing the following properties from type 'ProductAttribute[]': length, pop, push, concat, and 29 more.
src/modules/pim/services/bundle.service.ts(93,9): error TS2345: Argument of type 'string | number | undefined' is not assignable to parameter of type 'string | number'.
  Type 'undefined' is not assignable to type 'string | number'.
src/modules/pim/services/bundle.service.ts(101,7): error TS2322: Type 'Bundle | undefined' is not assignable to type 'Bundle'.
  Type 'undefined' is not assignable to type 'Bundle'.
src/modules/pim/services/bundle.service.ts(101,55): error TS2554: Expected 3-4 arguments, but got 2.
src/modules/pim/services/bundle.service.ts(130,9): error TS2322: Type 'null' is not assignable to type 'Bundle'.
src/modules/pim/services/bundle.service.ts(207,13): error TS2322: Type '{ updatedAt: Date; name: string; description: string; sku: string; components: { productId: string; sku?: string; quantity: number; isRequired?: boolean; }[]; pricingStrategy: "FIXED_PRICE" | "DISCOUNT_PERCENTAGE" | "COMPONENT_SUM" | "CUSTOM_FORMULA" | PricingStrategy; ... 7 more ...; createdAt: Date; }' is not assignable to type 'Bundle'.
  Types of property 'components' are incompatible.
    Type '{ productId: string; sku?: string | undefined; quantity: number; isRequired?: boolean | undefined; }[]' is not assignable to type 'BundleComponent[]'.
      Type '{ productId: string; sku?: string | undefined; quantity: number; isRequired?: boolean | undefined; }' is not assignable to type 'BundleComponent'.
        Types of property 'sku' are incompatible.
          Type 'string | undefined' is not assignable to type 'string'.
            Type 'undefined' is not assignable to type 'string'.
src/modules/pim/services/bundle.service.ts(226,30): error TS2559: Type 'string[]' has no properties in common with type '{ main?: string | undefined; gallery?: string[] | undefined; metadata?: Record<string, { alt?: string | undefined; title?: string | undefined; sortOrder?: number | undefined; }> | undefined; }'.
src/modules/pim/services/bundle.service.ts(227,34): error TS2740: Type 'Record<string, any>' is missing the following properties from type 'ProductAttribute[]': length, pop, push, concat, and 29 more.
src/modules/pim/services/bundle.service.ts(229,92): error TS2551: Property 'INACTIVE' does not exist on type 'typeof ProductStatus'. Did you mean 'ACTIVE'?
src/modules/pim/services/bundle.service.ts(259,11): error TS2345: Argument of type 'string | number | undefined' is not assignable to parameter of type 'string | number'.
  Type 'undefined' is not assignable to type 'string | number'.
src/modules/pim/services/bundle.service.ts(267,7): error TS2322: Type 'Bundle | undefined' is not assignable to type 'Bundle'.
  Type 'undefined' is not assignable to type 'Bundle'.
src/modules/pim/services/bundle.service.ts(267,55): error TS2554: Expected 3-4 arguments, but got 2.
src/modules/pim/services/bundle.service.ts(302,48): error TS2554: Expected 3-4 arguments, but got 2.
src/modules/pim/services/bundle.service.ts(372,9): error TS2345: Argument of type 'string | number | undefined' is not assignable to parameter of type 'string | number'.
  Type 'undefined' is not assignable to type 'string | number'.
src/modules/pim/services/bundle.service.ts(377,7): error TS2322: Type 'Bundle | undefined' is not assignable to type 'Bundle'.
  Type 'undefined' is not assignable to type 'Bundle'.
src/modules/pim/services/bundle.service.ts(377,55): error TS2554: Expected 3-4 arguments, but got 2.
src/modules/pim/services/bundle.service.ts(383,13): error TS2353: Object literal may only specify known properties, and 'updatedAt' does not exist in type 'Partial<Omit<Bundle, "id" | "createdAt" | "updatedAt">>'.
src/modules/pim/services/bundle.service.ts(453,9): error TS2345: Argument of type 'string | number | undefined' is not assignable to parameter of type 'string | number'.
  Type 'undefined' is not assignable to type 'string | number'.
src/modules/pim/services/bundle.service.ts(458,7): error TS2322: Type 'Bundle | undefined' is not assignable to type 'Bundle'.
  Type 'undefined' is not assignable to type 'Bundle'.
src/modules/pim/services/bundle.service.ts(458,55): error TS2554: Expected 3-4 arguments, but got 2.
src/modules/pim/services/bundle.service.ts(464,13): error TS2353: Object literal may only specify known properties, and 'updatedAt' does not exist in type 'Partial<Omit<Bundle, "id" | "createdAt" | "updatedAt">>'.
src/modules/pim/services/bundle.service.ts(529,9): error TS2345: Argument of type 'string | number | undefined' is not assignable to parameter of type 'string | number'.
  Type 'undefined' is not assignable to type 'string | number'.
src/modules/pim/services/bundle.service.ts(534,7): error TS2322: Type 'Bundle | undefined' is not assignable to type 'Bundle'.
  Type 'undefined' is not assignable to type 'Bundle'.
src/modules/pim/services/bundle.service.ts(534,55): error TS2554: Expected 3-4 arguments, but got 2.
src/modules/pim/services/bundle.service.ts(540,13): error TS2353: Object literal may only specify known properties, and 'updatedAt' does not exist in type 'Partial<Omit<Bundle, "id" | "createdAt" | "updatedAt">>'.
src/modules/pim/services/competitive-price-monitoring.service.ts(89,74): error TS2345: Argument of type 'string | undefined' is not assignable to parameter of type 'string'.
  Type 'undefined' is not assignable to type 'string'.
src/modules/pim/services/competitive-price-monitoring.service.ts(435,60): error TS2345: Argument of type 'string | undefined' is not assignable to parameter of type 'string'.
  Type 'undefined' is not assignable to type 'string'.
src/modules/pim/services/competitive-price-monitoring.service.ts(1259,56): error TS2345: Argument of type 'string | undefined' is not assignable to parameter of type 'string'.
  Type 'undefined' is not assignable to type 'string'.
src/modules/pim/services/competitive-price-monitoring.service.ts(1302,11): error TS18048: 'loadSheddingStatus.currentStage' is possibly 'undefined'.
src/modules/pim/services/competitive-price-monitoring.service.ts(1320,38): error TS2551: Property 'executeBatchWithResilience' does not exist on type 'LoadSheddingResilienceService'. Did you mean 'executeWithResilience'?
src/modules/pim/services/competitive-price-monitoring.service.ts(1322,16): error TS7006: Parameter 'config' implicitly has an 'any' type.
src/modules/pim/services/competitive-price-monitoring.service.ts(1393,38): error TS2551: Property 'executeBatchWithResilience' does not exist on type 'LoadSheddingResilienceService'. Did you mean 'executeWithResilience'?
src/modules/pim/services/competitive-price-monitoring.service.ts(1395,16): error TS7006: Parameter 'priceId' implicitly has an 'any' type.
src/modules/pim/services/competitive-price-monitoring.service.ts(1485,11): error TS18048: 'loadSheddingStatus.currentStage' is possibly 'undefined'.
src/modules/pim/services/competitive-price-monitoring.service.ts(1504,11): error TS7053: Element implicitly has an 'any' type because expression of type 'string' can't be used to index type '{}'.
  No index signature with a parameter of type 'string' was found on type '{}'.
src/modules/pim/services/competitive-price-monitoring.service.ts(1547,48): error TS2339: Property 'generateText' does not exist on type 'AgentService'.
src/modules/pim/services/compliance/compliance-framework.service.ts(226,70): error TS2559: Type 'string' has no properties in common with type 'FindByIdOptions'.
src/modules/pim/services/compliance/compliance-framework.service.ts(388,7): error TS7053: Element implicitly has an 'any' type because expression of type '"category"' can't be used to index type '{ regionCodes: string; productTypes: string; }'.
  Property 'category' does not exist on type '{ regionCodes: string; productTypes: string; }'.
src/modules/pim/services/compliance/compliance-framework.service.ts(392,7): error TS7053: Element implicitly has an 'any' type because expression of type '"authority"' can't be used to index type '{ regionCodes: string; productTypes: string; }'.
  Property 'authority' does not exist on type '{ regionCodes: string; productTypes: string; }'.
src/modules/pim/services/compliance/compliance-framework.service.ts(396,7): error TS7053: Element implicitly has an 'any' type because expression of type '"severity"' can't be used to index type '{ regionCodes: string; productTypes: string; }'.
  Property 'severity' does not exist on type '{ regionCodes: string; productTypes: string; }'.
src/modules/pim/services/compliance/compliance-framework.service.ts(401,7): error TS7053: Element implicitly has an 'any' type because expression of type '"expirationDate"' can't be used to index type '{ regionCodes: string; productTypes: string; }'.
  Property 'expirationDate' does not exist on type '{ regionCodes: string; productTypes: string; }'.
src/modules/pim/services/compliance/compliance-framework.service.ts(586,7): error TS2322: Type 'ComplianceRule | undefined' is not assignable to type 'ComplianceRule'.
  Type 'undefined' is not assignable to type 'ComplianceRule'.
src/modules/pim/services/compliance/compliance-framework.service.ts(590,71): error TS2559: Type 'string' has no properties in common with type 'FindByIdOptions'.
src/modules/pim/services/compliance/compliance-framework.service.ts(636,57): error TS2345: Argument of type 'ComplianceRequirement' is not assignable to parameter of type 'string'.
src/modules/pim/services/compliance/compliance-framework.service.ts(656,73): error TS2559: Type 'string' has no properties in common with type 'CreateDocumentOptions'.
src/modules/pim/services/compliance/compliance-framework.service.ts(675,77): error TS2559: Type 'string' has no properties in common with type 'CreateDocumentOptions'.
src/modules/pim/services/compliance/compliance-framework.service.ts(701,63): error TS2345: Argument of type 'ComplianceRule' is not assignable to parameter of type 'string'.
src/modules/pim/services/compliance/compliance-framework.service.ts(716,56): error TS2559: Type 'string' has no properties in common with type 'DeleteDocumentOptions'.
src/modules/pim/services/compliance/compliance-framework.service.ts(729,50): error TS2559: Type 'string' has no properties in common with type 'FindOptions<ComplianceRule>'.
src/modules/pim/services/compliance/compliance-framework.service.ts(754,7): error TS2345: Argument of type 'string | undefined' is not assignable to parameter of type 'string'.
  Type 'undefined' is not assignable to type 'string'.
src/modules/pim/services/compliance/compliance-framework.service.ts(773,55): error TS2345: Argument of type 'ComplianceRequirement' is not assignable to parameter of type 'string'.
src/modules/pim/services/cross-border-trade.service.ts(611,7): error TS2559: Type 'string' has no properties in common with type 'FlagEvaluationContext'.
src/modules/pim/services/cross-border-trade.service.ts(619,21): error TS2339: Property 'CROSS_BORDER_TRADING' does not exist on type 'typeof MarketFeature'.
src/modules/pim/services/cross-border-trade.service.ts(778,9): error TS2588: Cannot assign to 'isDutyFree' because it is a constant.
src/modules/pim/services/cross-border-trade.service.ts(1362,18): error TS2304: Cannot find name 'TaxType'.
src/modules/pim/services/data-protection/data-protection.service.ts(547,13): error TS18048: 'scanResult.recommendedActions' is possibly 'undefined'.
src/modules/pim/services/data-protection/data-protection.service.ts(839,45): error TS18048: 'fieldResult' is possibly 'undefined'.
src/modules/pim/services/dynamic-pricing.service.ts(185,9): error TS2353: Object literal may only specify known properties, and 'updatedAt' does not exist in type 'Partial<Omit<PricingRule, "id" | "createdAt" | "updatedAt">>'.
src/modules/pim/services/dynamic-pricing.service.ts(282,54): error TS2339: Property 'query' does not exist on type 'PricingRuleRepository'.
src/modules/pim/services/dynamic-pricing.service.ts(323,33): error TS18048: 'loadSheddingStatus.currentStage' is possibly 'undefined'.
src/modules/pim/services/dynamic-pricing.service.ts(377,33): error TS18048: 'loadSheddingStatus.currentStage' is possibly 'undefined'.
src/modules/pim/services/dynamic-pricing.service.ts(545,46): error TS2339: Property 'findAll' does not exist on type 'ProductService'.
src/modules/pim/services/dynamic-pricing.service.ts(551,46): error TS2339: Property 'findAll' does not exist on type 'ProductService'.
src/modules/pim/services/dynamic-pricing.service.ts(560,33): error TS2769: No overload matches this call.
  Overload 1 of 2, '(o: { [s: string]: any; } | ArrayLike<any>): [string, any][]', gave the following error.
    Argument of type 'Record<string, any> | undefined' is not assignable to parameter of type '{ [s: string]: any; } | ArrayLike<any>'.
      Type 'undefined' is not assignable to type '{ [s: string]: any; } | ArrayLike<any>'.
  Overload 2 of 2, '(o: {}): [string, any][]', gave the following error.
    Argument of type 'Record<string, any> | undefined' is not assignable to parameter of type '{}'.
      Type 'undefined' is not assignable to type '{}'.
src/modules/pim/services/dynamic-pricing.service.ts(561,39): error TS7015: Element implicitly has an 'any' type because index expression is not of type 'number'.
src/modules/pim/services/dynamic-pricing.service.ts(936,13): error TS18048: 'result.calculationDetails' is possibly 'undefined'.
src/modules/pim/services/dynamic-pricing.service.ts(950,13): error TS18048: 'result.skippedRules' is possibly 'undefined'.
src/modules/pim/services/dynamic-pricing.service.ts(960,11): error TS18048: 'result.skippedRules' is possibly 'undefined'.
src/modules/pim/services/dynamic-pricing.service.ts(1020,9): error TS18048: 'result.skippedRules' is possibly 'undefined'.
src/modules/pim/services/dynamic-pricing.service.ts(1359,26): error TS2304: Cannot find name 'CompetitorReference'.
src/modules/pim/services/enhanced-regional/regional-configuration.service.ts(272,50): error TS2559: Type 'string' has no properties in common with type 'FindOptions<RegionConfiguration>'.
src/modules/pim/services/enhanced-regional/regional-configuration.service.ts(294,7): error TS2322: Type 'RegionConfiguration | undefined' is not assignable to type 'RegionConfiguration'.
  Type 'undefined' is not assignable to type 'RegionConfiguration'.
src/modules/pim/services/enhanced-regional/regional-configuration.service.ts(298,75): error TS2559: Type 'string' has no properties in common with type 'FindByIdOptions'.
src/modules/pim/services/enhanced-regional/regional-configuration.service.ts(339,75): error TS2559: Type 'string' has no properties in common with type 'CreateDocumentOptions'.
src/modules/pim/services/enhanced-regional/regional-configuration.service.ts(368,63): error TS2345: Argument of type 'RegionConfiguration' is not assignable to parameter of type 'string'.
src/modules/pim/services/enhanced-regional/regional-configuration.service.ts(386,60): error TS2559: Type 'string' has no properties in common with type 'DeleteDocumentOptions'.
src/modules/pim/services/enhanced-regional/regional-configuration.service.ts(416,14): error TS7053: Element implicitly has an 'any' type because expression of type 'string' can't be used to index type '{ defaultTaxRate: number; defaultShippingMethods: string[]; defaultPaymentMethods: string[]; enableMarketplaceIntegration: boolean; enableMultiWarehouse: boolean; enableLoadSheddingResilience: boolean; ... 5 more ...; customSettings?: Record<...> | undefined; }'.
  No index signature with a parameter of type 'string' was found on type '{ defaultTaxRate: number; defaultShippingMethods: string[]; defaultPaymentMethods: string[]; enableMarketplaceIntegration: boolean; enableMultiWarehouse: boolean; enableLoadSheddingResilience: boolean; ... 5 more ...; customSettings?: Record<...> | undefined; }'.
src/modules/pim/services/enhanced-regional/regional-configuration.service.ts(421,62): error TS2559: Type 'string' has no properties in common with type 'FlagEvaluationContext'.
src/modules/pim/services/enhanced-regional/regional-configuration.service.ts(631,9): error TS2353: Object literal may only specify known properties, and 'code' does not exist in type 'RegionalMarketplace'.
src/modules/pim/services/enhanced-regional/regional-configuration.service.ts(705,17): error TS18048: 'language' is possibly 'undefined'.
src/modules/pim/services/enhanced-regional/regional-configuration.service.ts(706,18): error TS18048: 'language' is possibly 'undefined'.
src/modules/pim/services/enhanced-regional/regional-configuration.service.ts(707,14): error TS18048: 'language' is possibly 'undefined'.
src/modules/pim/services/enhanced-regional/regional-configuration.service.ts(708,19): error TS18048: 'language' is possibly 'undefined'.
src/modules/pim/services/enhanced-regional/regional-configuration.service.ts(709,19): error TS18048: 'language' is possibly 'undefined'.
src/modules/pim/services/enhanced-regional/regional-configuration.service.ts(710,21): error TS18048: 'language' is possibly 'undefined'.
src/modules/pim/services/enhanced-regional/regional-configuration.service.ts(711,23): error TS18048: 'language' is possibly 'undefined'.
src/modules/pim/services/enhanced-regional/regional-configuration.service.ts(725,65): error TS2559: Type 'string' has no properties in common with type 'FindOptions<RegionConfiguration>'.
src/modules/pim/services/enhanced-regional/regional-configuration.service.ts(739,65): error TS2559: Type 'string' has no properties in common with type 'FindOptions<RegionConfiguration>'.
src/modules/pim/services/enhanced-regional/regional-product-enhancer.service.ts(198,70): error TS2559: Type 'string' has no properties in common with type 'FindByIdOptions'.
src/modules/pim/services/enhanced-regional/regional-product-enhancer.service.ts(219,58): error TS7015: Element implicitly has an 'any' type because index expression is not of type 'number'.
src/modules/pim/services/enhanced-regional/regional-product-enhancer.service.ts(237,7): error TS7006: Parameter 'r' implicitly has an 'any' type.
src/modules/pim/services/enhanced-regional/regional-product-enhancer.service.ts(259,7): error TS18048: 'validationResult.marketplaceValidation' is possibly 'undefined'.
src/modules/pim/services/enhanced-regional/regional-product-enhancer.service.ts(289,70): error TS2559: Type 'string' has no properties in common with type 'FindByIdOptions'.
src/modules/pim/services/enhanced-regional/regional-product-enhancer.service.ts(312,70): error TS2559: Type 'string' has no properties in common with type 'FindByIdOptions'.
src/modules/pim/services/enhanced-regional/regional-product-enhancer.service.ts(318,39): error TS7006: Parameter 'r' implicitly has an 'any' type.
src/modules/pim/services/enhanced-regional/regional-product-enhancer.service.ts(337,70): error TS2559: Type 'string' has no properties in common with type 'FindByIdOptions'.
src/modules/pim/services/enhanced-regional/regional-product-enhancer.service.ts(350,7): error TS7006: Parameter 'r' implicitly has an 'any' type.
src/modules/pim/services/enhanced-regional/regional-product-enhancer.service.ts(370,42): error TS2345: Argument of type 'Product' is not assignable to parameter of type 'string'.
src/modules/pim/services/enhanced-regional/regional-product-enhancer.service.ts(385,70): error TS2559: Type 'string' has no properties in common with type 'FindByIdOptions'.
src/modules/pim/services/enhanced-regional/regional-product-enhancer.service.ts(404,9): error TS7006: Parameter 'r' implicitly has an 'any' type.
src/modules/pim/services/enhanced-regional/regional-product-enhancer.service.ts(518,70): error TS2559: Type 'string' has no properties in common with type 'FindByIdOptions'.
src/modules/pim/services/enhanced-regional/regional-product-enhancer.service.ts(550,9): error TS7006: Parameter 'r' implicitly has an 'any' type.
src/modules/pim/services/enhanced-regional/regional-product-enhancer.service.ts(595,42): error TS2345: Argument of type 'Product' is not assignable to parameter of type 'string'.
src/modules/pim/services/image-analysis.service.ts(10,34): error TS2307: Cannot find module '../../common/storage/storage.interface' or its corresponding type declarations.
src/modules/pim/services/image-analysis.service.ts(246,11): error TS2559: Type 'string' has no properties in common with type 'FlagEvaluationContext'.
src/modules/pim/services/image-analysis.service.ts(260,35): error TS18048: 'loadSheddingStatus.currentStage' is possibly 'undefined'.
src/modules/pim/services/image-analysis.service.ts(316,38): error TS2339: Property 'IMAGE_ANALYSIS' does not exist on type 'typeof CreditUsageType'.
src/modules/pim/services/image-analysis.service.ts(333,9): error TS2353: Object literal may only specify known properties, and 'modelId' does not exist in type 'CreateConversationRequest'.
src/modules/pim/services/image-analysis.service.ts(341,9): error TS2554: Expected 1 arguments, but got 2.
src/modules/pim/services/image-analysis.service.ts(348,29): error TS2345: Argument of type 'string | Record<string, any>' is not assignable to parameter of type 'string'.
  Type 'Record<string, any>' is not assignable to type 'string'.
src/modules/pim/services/image-analysis.service.ts(360,11): error TS2353: Object literal may only specify known properties, and 'actualInputTokens' does not exist in type 'CreditUsageRequest'.
src/modules/pim/services/image-analysis.service.ts(360,39): error TS2339: Property 'usage' does not exist on type 'AgentResponse'.
src/modules/pim/services/image-analysis.service.ts(361,40): error TS2339: Property 'usage' does not exist on type 'AgentResponse'.
src/modules/pim/services/image-analysis.service.ts(379,30): error TS2339: Property 'usage' does not exist on type 'AgentResponse'.
src/modules/pim/services/image-analysis.service.ts(380,27): error TS2339: Property 'usage' does not exist on type 'AgentResponse'.
src/modules/pim/services/image-analysis.service.ts(381,28): error TS2339: Property 'usage' does not exist on type 'AgentResponse'.
src/modules/pim/services/image-analysis.service.ts(382,27): error TS2339: Property 'usage' does not exist on type 'AgentResponse'.
src/modules/pim/services/image-analysis.service.ts(413,45): error TS2551: Property 'executeBatchWithResilience' does not exist on type 'LoadSheddingResilienceService'. Did you mean 'executeWithResilience'?
src/modules/pim/services/image-analysis.service.ts(415,16): error TS7006: Parameter 'imageUrl' implicitly has an 'any' type.
src/modules/pim/services/image-analysis.service.ts(699,7): error TS2322: Type '{ [x: string]: string | number | boolean; }' is not assignable to type 'Record<string, string>'.
  'string' index signatures are incompatible.
    Type 'string | number | boolean' is not assignable to type 'string'.
      Type 'number' is not assignable to type 'string'.
src/modules/pim/services/image-analysis.service.ts(706,9): error TS18048: 'updatedImage.metadata' is possibly 'undefined'.
src/modules/pim/services/image-analysis.service.ts(711,9): error TS18048: 'updatedImage.metadata' is possibly 'undefined'.
src/modules/pim/services/image-analysis.service.ts(712,9): error TS18048: 'updatedImage.metadata' is possibly 'undefined'.
src/modules/pim/services/image-analysis.service.ts(720,9): error TS18048: 'updatedImage.metadata' is possibly 'undefined'.
src/modules/pim/services/image-analysis.service.ts(791,11): error TS2559: Type 'string' has no properties in common with type 'FlagEvaluationContext'.
src/modules/pim/services/image-analysis.service.ts(827,9): error TS2353: Object literal may only specify known properties, and 'modelId' does not exist in type 'CreateConversationRequest'.
src/modules/pim/services/image-analysis.service.ts(835,9): error TS2554: Expected 1 arguments, but got 2.
src/modules/pim/services/image-analysis.service.ts(842,29): error TS2345: Argument of type 'string | Record<string, any>' is not assignable to parameter of type 'string'.
  Type 'Record<string, any>' is not assignable to type 'string'.
src/modules/pim/services/image-analysis.service.ts(859,11): error TS2353: Object literal may only specify known properties, and 'actualInputTokens' does not exist in type 'CreditUsageRequest'.
src/modules/pim/services/image-analysis.service.ts(859,39): error TS2339: Property 'usage' does not exist on type 'AgentResponse'.
src/modules/pim/services/image-analysis.service.ts(860,40): error TS2339: Property 'usage' does not exist on type 'AgentResponse'.
src/modules/pim/services/image-analysis.service.ts(881,30): error TS2339: Property 'usage' does not exist on type 'AgentResponse'.
src/modules/pim/services/image-analysis.service.ts(882,27): error TS2339: Property 'usage' does not exist on type 'AgentResponse'.
src/modules/pim/services/image-analysis.service.ts(883,28): error TS2339: Property 'usage' does not exist on type 'AgentResponse'.
src/modules/pim/services/image-analysis.service.ts(884,27): error TS2339: Property 'usage' does not exist on type 'AgentResponse'.
src/modules/pim/services/import-export.service.ts(17,22): error TS2307: Cannot find module 'csv-parser' or its corresponding type declarations.
src/modules/pim/services/import-export.service.ts(18,23): error TS2307: Cannot find module 'papaparse' or its corresponding type declarations.
src/modules/pim/services/import-export.service.ts(267,7): error TS2322: Type 'ImportResult | undefined' is not assignable to type 'ImportResult'.
  Type 'undefined' is not assignable to type 'ImportResult'.
src/modules/pim/services/import-export.service.ts(268,9): error TS2345: Argument of type '() => Promise<ImportResult>' is not assignable to parameter of type 'string'.
src/modules/pim/services/import-export.service.ts(296,7): error TS2322: Type 'ExportResult | undefined' is not assignable to type 'ExportResult'.
  Type 'undefined' is not assignable to type 'ExportResult'.
src/modules/pim/services/import-export.service.ts(297,9): error TS2345: Argument of type '() => Promise<ExportResult>' is not assignable to parameter of type 'string'.
src/modules/pim/services/import-export.service.ts(341,11): error TS7053: Element implicitly has an 'any' type because expression of type 'string' can't be used to index type '{}'.
  No index signature with a parameter of type 'string' was found on type '{}'.
src/modules/pim/services/import-export.service.ts(435,22): error TS7006: Parameter 'row' implicitly has an 'any' type.
src/modules/pim/services/import-export.service.ts(460,43): error TS2339: Property 'findBySku' does not exist on type 'ProductService'.
src/modules/pim/services/import-export.service.ts(508,23): error TS7006: Parameter 'error' implicitly has an 'any' type.
src/modules/pim/services/import-export.service.ts(544,39): error TS2339: Property 'findBySku' does not exist on type 'ProductService'.
src/modules/pim/services/import-export.service.ts(769,48): error TS2339: Property 'findAll' does not exist on type 'ProductService'.
src/modules/pim/services/import-export.service.ts(809,51): error TS2339: Property 'findByIds' does not exist on type 'CategoryService'.
src/modules/pim/services/import-export.service.ts(816,24): error TS7006: Parameter 'category' implicitly has an 'any' type.
src/modules/pim/services/import-export.service.ts(855,13): error TS7053: Element implicitly has an 'any' type because expression of type 'string' can't be used to index type '{}'.
  No index signature with a parameter of type 'string' was found on type '{}'.
src/modules/pim/services/import-export.service.ts(864,13): error TS7053: Element implicitly has an 'any' type because expression of type 'string' can't be used to index type '{}'.
  No index signature with a parameter of type 'string' was found on type '{}'.
src/modules/pim/services/import-export.service.ts(917,11): error TS18048: 'product.attributes' is possibly 'undefined'.
src/modules/pim/services/import-export.service.ts(1077,23): error TS2532: Object is possibly 'undefined'.
src/modules/pim/services/load-shedding-resilience.service.ts(71,65): error TS2554: Expected 2 arguments, but got 1.
src/modules/pim/services/load-shedding.service.ts(97,9): error TS2559: Type 'string' has no properties in common with type 'FlagEvaluationContext'.
src/modules/pim/services/load-shedding.service.ts(107,16): error TS18048: 'orgSchedule' is possibly 'undefined'.
src/modules/pim/services/load-shedding.service.ts(123,14): error TS18048: 'orgSchedule' is possibly 'undefined'.
src/modules/pim/services/load-shedding.service.ts(221,24): error TS2532: Object is possibly 'undefined'.
src/modules/pim/services/load-shedding.service.ts(322,13): error TS2532: Object is possibly 'undefined'.
src/modules/pim/services/market-context.service.ts(111,42): error TS2554: Expected 2 arguments, but got 1.
src/modules/pim/services/marketplace-sync.service.ts(56,7): error TS2322: Type 'MarketplaceSyncResult | undefined' is not assignable to type 'MarketplaceSyncResult'.
  Type 'undefined' is not assignable to type 'MarketplaceSyncResult'.
src/modules/pim/services/marketplace-sync.service.ts(57,9): error TS2345: Argument of type '() => Promise<MarketplaceSyncResult>' is not assignable to parameter of type 'string'.
src/modules/pim/services/marketplace-sync.service.ts(84,70): error TS2559: Type 'string' has no properties in common with type 'FindByIdOptions'.
src/modules/pim/services/marketplace-sync.service.ts(107,7): error TS2345: Argument of type 'ProductMarketplaceMapping | null' is not assignable to parameter of type 'ProductMarketplaceMapping | undefined'.
  Type 'null' is not assignable to type 'ProductMarketplaceMapping | undefined'.
src/modules/pim/services/marketplace-sync.service.ts(178,44): error TS2339: Property 'compareAtPrice' does not exist on type '{ basePrice?: number | undefined; vatIncluded?: boolean | undefined; currency?: string | undefined; specialPrice?: number | undefined; specialPriceFromDate?: Date | undefined; specialPriceToDate?: Date | undefined; }'.
src/modules/pim/services/marketplace-sync.service.ts(240,23): error TS2339: Property 'has_variations' does not exist on type '{ offer_id: string; shop_sku: string; title: string; subtitle: string; short_description: string; long_description: string; rrp: number; selling_price: number; currency: string; stock_quantity: number; ... 5 more ...; attributes: Record<...>; }'.
src/modules/pim/services/marketplace-sync.service.ts(241,23): error TS2339: Property 'variations' does not exist on type '{ offer_id: string; shop_sku: string; title: string; subtitle: string; short_description: string; long_description: string; rrp: number; selling_price: number; currency: string; stock_quantity: number; ... 5 more ...; attributes: Record<...>; }'.
src/modules/pim/services/marketplace-sync.service.ts(246,31): error TS2339: Property 'compareAtPrice' does not exist on type '{ basePrice?: number | undefined; vatIncluded?: boolean | undefined; currency?: string | undefined; specialPrice?: number | undefined; specialPriceFromDate?: Date | undefined; specialPriceToDate?: Date | undefined; }'.
src/modules/pim/services/marketplace-sync.service.ts(257,23): error TS2339: Property 'has_variations' does not exist on type '{ offer_id: string; shop_sku: string; title: string; subtitle: string; short_description: string; long_description: string; rrp: number; selling_price: number; currency: string; stock_quantity: number; ... 5 more ...; attributes: Record<...>; }'.
src/modules/pim/services/marketplace-sync.service.ts(262,23): error TS2339: Property 'compliance' does not exist on type '{ offer_id: string; shop_sku: string; title: string; subtitle: string; short_description: string; long_description: string; rrp: number; selling_price: number; currency: string; stock_quantity: number; ... 5 more ...; attributes: Record<...>; }'.
src/modules/pim/services/marketplace-sync.service.ts(279,49): error TS2339: Property 'saBarcode' does not exist on type '{ icasaApproved?: boolean | undefined; sabsApproved?: boolean | undefined; nrcsApproved?: boolean | undefined; loadSheddingCritical?: boolean | undefined; } | { saBarcode?: string | undefined; }'.
  Property 'saBarcode' does not exist on type '{ icasaApproved?: boolean | undefined; sabsApproved?: boolean | undefined; nrcsApproved?: boolean | undefined; loadSheddingCritical?: boolean | undefined; }'.
src/modules/pim/services/marketplace-sync.service.ts(280,52): error TS2339: Property 'saBarcode' does not exist on type '{ icasaApproved?: boolean | undefined; sabsApproved?: boolean | undefined; nrcsApproved?: boolean | undefined; loadSheddingCritical?: boolean | undefined; } | { saBarcode?: string | undefined; }'.
  Property 'saBarcode' does not exist on type '{ icasaApproved?: boolean | undefined; sabsApproved?: boolean | undefined; nrcsApproved?: boolean | undefined; loadSheddingCritical?: boolean | undefined; }'.
src/modules/pim/services/marketplace-sync.service.ts(519,74): error TS2559: Type 'string' has no properties in common with type 'CreateDocumentOptions'.
src/modules/pim/services/marketplace-sync.service.ts(640,7): error TS2322: Type '({ success: any; productId: string; marketplaceId: string; externalId: string | undefined; timestamp: Date; status: string; metadata: { stockOnly: boolean; }; errorMessage?: undefined; } | { ...; })[]' is not assignable to type 'MarketplaceSyncResult[]'.
  Type '{ success: any; productId: string; marketplaceId: string; externalId: string | undefined; timestamp: Date; status: string; metadata: { stockOnly: boolean; }; errorMessage?: undefined; } | { ...; }' is not assignable to type 'MarketplaceSyncResult'.
    Type '{ success: any; productId: string; marketplaceId: string; externalId: string | undefined; timestamp: Date; status: string; metadata: { stockOnly: boolean; }; errorMessage?: undefined; }' is not assignable to type 'MarketplaceSyncResult'.
      Types of property 'status' are incompatible.
        Type 'string' is not assignable to type '"error" | "pending" | "active" | "inactive"'.
src/modules/pim/services/marketplace-sync.service.ts(728,7): error TS2322: Type '({ success: any; productId: string; marketplaceId: string; externalId: string | undefined; timestamp: Date; status: string; metadata: { priceOnly: boolean; }; errorMessage?: undefined; } | { ...; })[]' is not assignable to type 'MarketplaceSyncResult[]'.
  Type '{ success: any; productId: string; marketplaceId: string; externalId: string | undefined; timestamp: Date; status: string; metadata: { priceOnly: boolean; }; errorMessage?: undefined; } | { ...; }' is not assignable to type 'MarketplaceSyncResult'.
    Type '{ success: any; productId: string; marketplaceId: string; externalId: string | undefined; timestamp: Date; status: string; metadata: { priceOnly: boolean; }; errorMessage?: undefined; }' is not assignable to type 'MarketplaceSyncResult'.
      Types of property 'status' are incompatible.
        Type 'string' is not assignable to type '"error" | "pending" | "active" | "inactive"'.
src/modules/pim/services/marketplace-validation.service.ts(216,40): error TS2339: Property 'saBarcode' does not exist on type '{ icasaApproved?: boolean | undefined; sabsApproved?: boolean | undefined; nrcsApproved?: boolean | undefined; loadSheddingCritical?: boolean | undefined; }'.
src/modules/pim/services/marketplace-validation.service.ts(469,59): error TS18048: 'v.pricing.basePrice' is possibly 'undefined'.
src/modules/pim/services/network-aware-storage.service.ts(14,30): error TS2305: Module '"../interfaces/types"' has no exported member 'CompressionQuality'.
src/modules/pim/services/network-aware-storage.service.ts(14,50): error TS2305: Module '"../interfaces/types"' has no exported member 'ResizeOption'.
src/modules/pim/services/network-aware-storage.service.ts(61,68): error TS2554: Expected 2 arguments, but got 1.
src/modules/pim/services/pim-storage.service.ts(191,7): error TS2353: Object literal may only specify known properties, and 'connectionQuality' does not exist in type '{ connectionType: string; quality: "low" | "medium" | "high"; isSufficient: boolean; recommendedMaxFileSize?: number | undefined; }'.
src/modules/pim/services/pim-storage.service.ts(350,33): error TS2345: Argument of type 'string | number | true' is not assignable to parameter of type 'string'.
  Type 'number' is not assignable to type 'string'.
src/modules/pim/services/pim-storage.service.ts(376,9): error TS2322: Type 'string | number | true' is not assignable to type 'string'.
  Type 'number' is not assignable to type 'string'.
src/modules/pim/services/pim-storage.service.ts(381,9): error TS2322: Type 'string | number | true' is not assignable to type 'string'.
  Type 'number' is not assignable to type 'string'.
src/modules/pim/services/pim-storage.service.ts(386,9): error TS2322: Type 'string | number | boolean | null' is not assignable to type 'string | undefined'.
  Type 'null' is not assignable to type 'string | undefined'.
src/modules/pim/services/pim-storage.service.ts(434,35): error TS2345: Argument of type 'string | number | true' is not assignable to parameter of type 'string'.
  Type 'number' is not assignable to type 'string'.
src/modules/pim/services/pim-storage.service.ts(479,7): error TS2322: Type '{ id: string | number | true; productId: string | number | true; fileName: string; storagePath: string; publicUrl: string; cdnUrl: string; imageType: string | number | true; position: number; ... 7 more ...; updatedAt: Date; }[]' is not assignable to type 'ProductImage[]'.
  Type '{ id: string | number | true; productId: string | number | true; fileName: string; storagePath: string; publicUrl: string; cdnUrl: string; imageType: string | number | true; position: number; ... 7 more ...; updatedAt: Date; }' is not assignable to type 'ProductImage'.
    Types of property 'id' are incompatible.
      Type 'string | number | true' is not assignable to type 'string'.
        Type 'number' is not assignable to type 'string'.
src/modules/pim/services/product-ai.service.ts(73,9): error TS2559: Type 'string' has no properties in common with type 'FlagEvaluationContext'.
src/modules/pim/services/product-ai.service.ts(97,56): error TS2339: Property 'estimateTokens' does not exist on type 'TokenEstimator'.
src/modules/pim/services/product-ai.service.ts(110,36): error TS2339: Property 'CONTENT_GENERATION' does not exist on type 'typeof CreditUsageType'.
src/modules/pim/services/product-ai.service.ts(126,9): error TS2353: Object literal may only specify known properties, and 'modelId' does not exist in type 'CreateConversationRequest'.
src/modules/pim/services/product-ai.service.ts(137,9): error TS2554: Expected 1 arguments, but got 2.
src/modules/pim/services/product-ai.service.ts(144,29): error TS2345: Argument of type 'string | Record<string, any>' is not assignable to parameter of type 'string'.
  Type 'Record<string, any>' is not assignable to type 'string'.
src/modules/pim/services/product-ai.service.ts(155,9): error TS2353: Object literal may only specify known properties, and 'actualInputTokens' does not exist in type 'CreditUsageRequest'.
src/modules/pim/services/product-ai.service.ts(155,37): error TS2339: Property 'usage' does not exist on type 'AgentResponse'.
src/modules/pim/services/product-ai.service.ts(156,38): error TS2339: Property 'usage' does not exist on type 'AgentResponse'.
src/modules/pim/services/product-ai.service.ts(168,27): error TS2339: Property 'usage' does not exist on type 'AgentResponse'.
src/modules/pim/services/product-ai.service.ts(169,28): error TS2339: Property 'usage' does not exist on type 'AgentResponse'.
src/modules/pim/services/product-ai.service.ts(170,27): error TS2339: Property 'usage' does not exist on type 'AgentResponse'.
src/modules/pim/services/product-ai.service.ts(210,9): error TS2559: Type 'string' has no properties in common with type 'FlagEvaluationContext'.
src/modules/pim/services/product-ai.service.ts(234,56): error TS2339: Property 'estimateTokens' does not exist on type 'TokenEstimator'.
src/modules/pim/services/product-ai.service.ts(247,36): error TS2339: Property 'SEO_OPTIMIZATION' does not exist on type 'typeof CreditUsageType'.
src/modules/pim/services/product-ai.service.ts(266,9): error TS2353: Object literal may only specify known properties, and 'modelId' does not exist in type 'CreateConversationRequest'.
src/modules/pim/services/product-ai.service.ts(277,9): error TS2554: Expected 1 arguments, but got 2.
src/modules/pim/services/product-ai.service.ts(284,29): error TS2345: Argument of type 'string | Record<string, any>' is not assignable to parameter of type 'string'.
  Type 'Record<string, any>' is not assignable to type 'string'.
src/modules/pim/services/product-ai.service.ts(300,9): error TS2353: Object literal may only specify known properties, and 'actualInputTokens' does not exist in type 'CreditUsageRequest'.
src/modules/pim/services/product-ai.service.ts(300,37): error TS2339: Property 'usage' does not exist on type 'AgentResponse'.
src/modules/pim/services/product-ai.service.ts(301,38): error TS2339: Property 'usage' does not exist on type 'AgentResponse'.
src/modules/pim/services/product-ai.service.ts(315,27): error TS2339: Property 'usage' does not exist on type 'AgentResponse'.
src/modules/pim/services/product-ai.service.ts(316,28): error TS2339: Property 'usage' does not exist on type 'AgentResponse'.
src/modules/pim/services/product-ai.service.ts(317,27): error TS2339: Property 'usage' does not exist on type 'AgentResponse'.
src/modules/pim/services/product-ai.service.ts(357,9): error TS2559: Type 'string' has no properties in common with type 'FlagEvaluationContext'.
src/modules/pim/services/product-ai.service.ts(378,56): error TS2339: Property 'estimateTokens' does not exist on type 'TokenEstimator'.
src/modules/pim/services/product-ai.service.ts(391,36): error TS2339: Property 'CLASSIFICATION' does not exist on type 'typeof CreditUsageType'.
src/modules/pim/services/product-ai.service.ts(407,9): error TS2353: Object literal may only specify known properties, and 'modelId' does not exist in type 'CreateConversationRequest'.
src/modules/pim/services/product-ai.service.ts(418,9): error TS2554: Expected 1 arguments, but got 2.
src/modules/pim/services/product-ai.service.ts(425,29): error TS2345: Argument of type 'string | Record<string, any>' is not assignable to parameter of type 'string'.
  Type 'Record<string, any>' is not assignable to type 'string'.
src/modules/pim/services/product-ai.service.ts(439,9): error TS2353: Object literal may only specify known properties, and 'actualInputTokens' does not exist in type 'CreditUsageRequest'.
src/modules/pim/services/product-ai.service.ts(439,37): error TS2339: Property 'usage' does not exist on type 'AgentResponse'.
src/modules/pim/services/product-ai.service.ts(440,38): error TS2339: Property 'usage' does not exist on type 'AgentResponse'.
src/modules/pim/services/product-ai.service.ts(452,27): error TS2339: Property 'usage' does not exist on type 'AgentResponse'.
src/modules/pim/services/product-ai.service.ts(453,28): error TS2339: Property 'usage' does not exist on type 'AgentResponse'.
src/modules/pim/services/product-ai.service.ts(454,27): error TS2339: Property 'usage' does not exist on type 'AgentResponse'.
src/modules/pim/services/product-ai.service.ts(487,9): error TS2559: Type 'string' has no properties in common with type 'FlagEvaluationContext'.
src/modules/pim/services/product-ai.service.ts(510,56): error TS2339: Property 'estimateTokens' does not exist on type 'TokenEstimator'.
src/modules/pim/services/product-ai.service.ts(523,36): error TS2339: Property 'ATTRIBUTE_EXTRACTION' does not exist on type 'typeof CreditUsageType'.
src/modules/pim/services/product-ai.service.ts(541,9): error TS2353: Object literal may only specify known properties, and 'modelId' does not exist in type 'CreateConversationRequest'.
src/modules/pim/services/product-ai.service.ts(549,9): error TS2554: Expected 1 arguments, but got 2.
src/modules/pim/services/product-ai.service.ts(556,29): error TS2345: Argument of type 'string | Record<string, any>' is not assignable to parameter of type 'string'.
  Type 'Record<string, any>' is not assignable to type 'string'.
src/modules/pim/services/product-ai.service.ts(571,9): error TS2353: Object literal may only specify known properties, and 'actualInputTokens' does not exist in type 'CreditUsageRequest'.
src/modules/pim/services/product-ai.service.ts(571,37): error TS2339: Property 'usage' does not exist on type 'AgentResponse'.
src/modules/pim/services/product-ai.service.ts(572,38): error TS2339: Property 'usage' does not exist on type 'AgentResponse'.
src/modules/pim/services/product-ai.service.ts(585,27): error TS2339: Property 'usage' does not exist on type 'AgentResponse'.
src/modules/pim/services/product-ai.service.ts(586,28): error TS2339: Property 'usage' does not exist on type 'AgentResponse'.
src/modules/pim/services/product-ai.service.ts(587,27): error TS2339: Property 'usage' does not exist on type 'AgentResponse'.
src/modules/pim/services/product-review.service.ts(73,58): error TS2551: Property 'assessNetworkQuality' does not exist on type 'NetworkAwareStorageService'. Did you mean 'getNetworkQuality'?
src/modules/pim/services/product-review.service.ts(77,40): error TS18048: 'loadSheddingStatus.currentStage' is possibly 'undefined'.
src/modules/pim/services/product-review.service.ts(90,97): error TS2559: Type 'string' has no properties in common with type 'FlagEvaluationContext'.
src/modules/pim/services/product-review.service.ts(92,61): error TS18048: 'loadSheddingStatus.currentStage' is possibly 'undefined'.
src/modules/pim/services/product-review.service.ts(95,42): error TS2551: Property 'queueOperation' does not exist on type 'LoadSheddingResilienceService'. Did you mean 'enqueueOperation'?
src/modules/pim/services/product-review.service.ts(143,24): error TS2367: This comparison appears to be unintentional because the types 'ProductReviewStatus.PENDING' and 'ProductReviewStatus.APPROVED' have no overlap.
src/modules/pim/services/product-review.service.ts(147,43): error TS18048: 'loadSheddingStatus.currentStage' is possibly 'undefined'.
src/modules/pim/services/product-review.service.ts(148,34): error TS2551: Property 'queueOperation' does not exist on type 'LoadSheddingResilienceService'. Did you mean 'enqueueOperation'?
src/modules/pim/services/product-review.service.ts(149,55): error TS2345: Argument of type 'string | undefined' is not assignable to parameter of type 'string'.
  Type 'undefined' is not assignable to type 'string'.
src/modules/pim/services/product-review.service.ts(206,34): error TS2551: Property 'queueOperation' does not exist on type 'LoadSheddingResilienceService'. Did you mean 'enqueueOperation'?
src/modules/pim/services/product-review.service.ts(571,38): error TS2551: Property 'executeBatchWithResilience' does not exist on type 'LoadSheddingResilienceService'. Did you mean 'executeWithResilience'?
src/modules/pim/services/product-review.service.ts(573,16): error TS7006: Parameter 'review' implicitly has an 'any' type.
src/modules/pim/services/product-review.service.ts(679,66): error TS2339: Property 'query' does not exist on type 'ProductReviewRepository'.
src/modules/pim/services/product-review.service.ts(682,31): error TS7006: Parameter 'review' implicitly has an 'any' type.
src/modules/pim/services/product-review.service.ts(779,27): error TS18048: 'sentiment' is possibly 'undefined'.
src/modules/pim/services/product-review.service.ts(782,13): error TS18048: 'sentiment' is possibly 'undefined'.
src/modules/pim/services/product-review.service.ts(784,20): error TS18048: 'sentiment' is possibly 'undefined'.
src/modules/pim/services/product-review.service.ts(791,13): error TS18048: 'sentiment' is possibly 'undefined'.
src/modules/pim/services/product-review.service.ts(792,11): error TS18048: 'sentiment' is possibly 'undefined'.
src/modules/pim/services/product-review.service.ts(798,13): error TS18048: 'sentiment' is possibly 'undefined'.
src/modules/pim/services/product-review.service.ts(799,11): error TS18048: 'sentiment' is possibly 'undefined'.
src/modules/pim/services/product-review.service.ts(805,13): error TS18048: 'sentiment' is possibly 'undefined'.
src/modules/pim/services/product-review.service.ts(806,11): error TS18048: 'sentiment' is possibly 'undefined'.
src/modules/pim/services/product-review.service.ts(879,9): error TS2353: Object literal may only specify known properties, and 'feature' does not exist in type 'CreditCheckRequest'.
src/modules/pim/services/product-review.service.ts(895,9): error TS2353: Object literal may only specify known properties, and 'feature' does not exist in type 'CreditUsageRequest'.
src/modules/pim/services/product-review.service.ts(958,48): error TS2339: Property 'generateText' does not exist on type 'AgentService'.
src/modules/pim/services/product-review.service.ts(1030,11): error TS18048: 'loadSheddingStatus.currentStage' is possibly 'undefined'.
src/modules/pim/services/product-review.service.ts(1048,9): error TS2353: Object literal may only specify known properties, and 'feature' does not exist in type 'CreditCheckRequest'.
src/modules/pim/services/product-review.service.ts(1061,38): error TS2551: Property 'executeBatchWithResilience' does not exist on type 'LoadSheddingResilienceService'. Did you mean 'executeWithResilience'?
src/modules/pim/services/product-review.service.ts(1063,16): error TS7006: Parameter 'review' implicitly has an 'any' type.
src/modules/pim/services/product-review.service.ts(1090,11): error TS2353: Object literal may only specify known properties, and 'feature' does not exist in type 'CreditUsageRequest'.
src/modules/pim/services/product-variant.service.ts(34,72): error TS2559: Type 'string' has no properties in common with type 'FindByIdOptions'.
src/modules/pim/services/product-variant.service.ts(53,7): error TS2322: Type 'ProductVariant | undefined' is not assignable to type 'ProductVariant'.
  Type 'undefined' is not assignable to type 'ProductVariant'.
src/modules/pim/services/product-variant.service.ts(54,9): error TS2345: Argument of type '() => Promise<ProductVariant>' is not assignable to parameter of type 'string'.
src/modules/pim/services/product-variant.service.ts(54,63): error TS2559: Type 'string' has no properties in common with type 'CreateDocumentOptions'.
src/modules/pim/services/product-variant.service.ts(60,54): error TS2559: Type 'string' has no properties in common with type 'CreateDocumentOptions'.
src/modules/pim/services/product-variant.service.ts(71,62): error TS2559: Type 'string' has no properties in common with type 'FindByIdOptions'.
src/modules/pim/services/product-variant.service.ts(93,70): error TS2559: Type 'string' has no properties in common with type 'FindByIdOptions'.
src/modules/pim/services/product-variant.service.ts(123,77): error TS2559: Type 'string' has no properties in common with type 'FindByIdOptions'.
src/modules/pim/services/product-variant.service.ts(137,67): error TS2339: Property 'optimizeImageUrl' does not exist on type 'NetworkAwareStorageService'.
src/modules/pim/services/product-variant.service.ts(145,36): error TS7006: Parameter 'url' implicitly has an 'any' type.
src/modules/pim/services/product-variant.service.ts(146,47): error TS2339: Property 'optimizeImageUrl' does not exist on type 'NetworkAwareStorageService'.
src/modules/pim/services/product-variant.service.ts(153,65): error TS2559: Type 'string' has no properties in common with type 'UpdateDocumentOptions'.
src/modules/pim/services/product-variant.service.ts(194,79): error TS2559: Type 'string' has no properties in common with type 'FindByIdOptions'.
src/modules/pim/services/product-variant.service.ts(204,61): error TS2559: Type 'string' has no properties in common with type 'DeleteDocumentOptions'.
src/modules/pim/services/product-variant.service.ts(256,72): error TS2559: Type 'string' has no properties in common with type 'FindByIdOptions'.
src/modules/pim/services/product-variant.service.ts(310,80): error TS2559: Type 'string' has no properties in common with type 'CreateDocumentOptions'.
src/modules/pim/services/product-variant.service.ts(322,89): error TS2559: Type 'string' has no properties in common with type 'UpdateDocumentOptions'.
src/modules/pim/services/product-variant.service.ts(358,16): error TS2339: Property 'validation' does not exist on type '{ code: string; value: any; label: string; type: string; }'.
src/modules/pim/services/product-variant.service.ts(359,21): error TS2339: Property 'validation' does not exist on type '{ code: string; value: any; label: string; type: string; }'.
src/modules/pim/services/product-variant.service.ts(359,44): error TS7006: Parameter 'option' implicitly has an 'any' type.
src/modules/pim/services/product-variant.service.ts(384,19): error TS2339: Property 'validation' does not exist on type '{ code: string; value: any; label: string; type: string; }'.
src/modules/pim/services/product-variant.service.ts(385,32): error TS2339: Property 'validation' does not exist on type '{ code: string; value: any; label: string; type: string; }'.
src/modules/pim/services/product-variant.service.ts(385,55): error TS7006: Parameter 'option' implicitly has an 'any' type.
src/modules/pim/services/product.service.ts(132,53): error TS2339: Property 'query' does not exist on type 'ProductRepository'.
src/modules/pim/services/product.service.ts(166,59): error TS2339: Property 'query' does not exist on type 'ProductRepository'.
src/modules/pim/services/product.service.ts(174,55): error TS7006: Parameter 'product' implicitly has an 'any' type.
src/modules/pim/services/product.service.ts(175,40): error TS7006: Parameter 'component' implicitly has an 'any' type.
src/modules/pim/services/regional-warehouse.service.ts(205,33): error TS7006: Parameter 'warehouse' implicitly has an 'any' type.
src/modules/pim/services/regional-warehouse.service.ts(608,7): error TS2559: Type 'string' has no properties in common with type 'FlagEvaluationContext'.
src/modules/pim/services/report-exporter.service.ts(7,23): error TS2307: Cannot find module 'xlsx' or its corresponding type declarations.
src/modules/pim/services/report-exporter.service.ts(223,11): error TS2322: Type 'string | undefined' is not assignable to type 'string'.
  Type 'undefined' is not assignable to type 'string'.
src/modules/pim/services/report-exporter.service.ts(249,11): error TS2367: This comparison appears to be unintentional because the types '"low" | "medium" | "high" | undefined' and '"poor"' have no overlap.
src/modules/pim/services/report-exporter.service.ts(399,11): error TS2322: Type 'string | undefined' is not assignable to type 'string'.
  Type 'undefined' is not assignable to type 'string'.
src/modules/pim/services/report-exporter.service.ts(410,12): error TS2367: This comparison appears to be unintentional because the types '"low" | "medium" | "high" | undefined' and '"poor"' have no overlap.
src/modules/pim/services/report-exporter.service.ts(575,9): error TS2345: Argument of type 'boolean | undefined' is not assignable to parameter of type 'boolean'.
  Type 'undefined' is not assignable to type 'boolean'.
src/modules/pim/services/report-exporter.service.ts(934,9): error TS2739: Type '{}' is missing the following properties from type '{ connectionType: string; loadSheddingActive: boolean; loadSheddingStage?: number | undefined; }': connectionType, loadSheddingActive
src/modules/pim/services/takealot-connector.service.ts(272,31): error TS2339: Property 'compareAtPrice' does not exist on type '{ basePrice?: number | undefined; vatIncluded?: boolean | undefined; currency?: string | undefined; specialPrice?: number | undefined; specialPriceFromDate?: Date | undefined; specialPriceToDate?: Date | undefined; }'.
src/modules/pim/services/takealot-connector.service.ts(294,36): error TS2339: Property 'optimizeImageUrl' does not exist on type 'NetworkAwareStorageService'.
src/modules/pim/services/takealot-connector.service.ts(315,7): error TS2322: Type 'MarketplaceSyncResult | undefined' is not assignable to type 'MarketplaceSyncResult'.
  Type 'undefined' is not assignable to type 'MarketplaceSyncResult'.
src/modules/pim/services/takealot-connector.service.ts(316,9): error TS2345: Argument of type '() => Promise<MarketplaceSyncResult>' is not assignable to parameter of type 'string'.
src/modules/pim/services/takealot-connector.service.ts(364,7): error TS2345: Argument of type 'ProductMarketplaceMapping | null' is not assignable to parameter of type 'ProductMarketplaceMapping | undefined'.
  Type 'null' is not assignable to type 'ProductMarketplaceMapping | undefined'.
src/modules/pim/services/takealot-connector.service.ts(487,74): error TS2559: Type 'string' has no properties in common with type 'CreateDocumentOptions'.
src/modules/pim/services/takealot-connector.service.ts(539,40): error TS7006: Parameter 'cat' implicitly has an 'any' type.
src/modules/pim/services/takealot-connector.service.ts(611,11): error TS2322: Type '{ code: string; message: string; }' is not assignable to type 'string'.
src/modules/pim/services/takealot-connector.service.ts(649,9): error TS2322: Type '{ code: string; message: any; }' is not assignable to type 'string'.
src/modules/pim/services/takealot-connector.service.ts(681,11): error TS2322: Type '{ code: string; message: string; }' is not assignable to type 'string'.
src/modules/pim/services/takealot-connector.service.ts(697,11): error TS2322: Type '{ code: string; message: string; }' is not assignable to type 'string'.
src/modules/pim/services/takealot-connector.service.ts(736,9): error TS2322: Type '{ code: string; message: any; }' is not assignable to type 'string'.
src/modules/pim/services/takealot-connector.service.ts(767,49): error TS2339: Property 'saBarcode' does not exist on type '{ icasaApproved?: boolean | undefined; sabsApproved?: boolean | undefined; nrcsApproved?: boolean | undefined; loadSheddingCritical?: boolean | undefined; } | { saBarcode?: string | undefined; }'.
  Property 'saBarcode' does not exist on type '{ icasaApproved?: boolean | undefined; sabsApproved?: boolean | undefined; nrcsApproved?: boolean | undefined; loadSheddingCritical?: boolean | undefined; }'.
src/modules/pim/services/takealot-connector.service.ts(768,52): error TS2339: Property 'saBarcode' does not exist on type '{ icasaApproved?: boolean | undefined; sabsApproved?: boolean | undefined; nrcsApproved?: boolean | undefined; loadSheddingCritical?: boolean | undefined; } | { saBarcode?: string | undefined; }'.
  Property 'saBarcode' does not exist on type '{ icasaApproved?: boolean | undefined; sabsApproved?: boolean | undefined; nrcsApproved?: boolean | undefined; loadSheddingCritical?: boolean | undefined; }'.
src/modules/pim/services/tax-rate.service.ts(59,7): error TS2322: Type '"city" | "province" | "country"' is not assignable to type 'TaxJurisdictionLevel'.
  Type '"city"' is not assignable to type 'TaxJurisdictionLevel'.
src/modules/pim/services/tax-rate.service.ts(142,7): error TS2322: Type '"city" | "province" | "country"' is not assignable to type 'TaxJurisdictionLevel'.
  Type '"city"' is not assignable to type 'TaxJurisdictionLevel'.
src/modules/pim/services/validation.service.ts(232,5): error TS2322: Type 'ValidationResult | undefined' is not assignable to type 'ValidationResult'.
  Type 'undefined' is not assignable to type 'ValidationResult'.
src/modules/pim/services/validation.service.ts(233,7): error TS2345: Argument of type '() => Promise<ValidationResult>' is not assignable to parameter of type 'string'.
src/modules/pim/services/validation.service.ts(279,53): error TS2339: Property 'findById' does not exist on type 'CategoryService'.
src/modules/pim/services/validation.service.ts(304,46): error TS18048: 'validationOptions.ruleIds' is possibly 'undefined'.
src/modules/pim/services/validation.service.ts(310,28): error TS18048: 'validationOptions.skipRuleIds' is possibly 'undefined'.
src/modules/pim/services/validation.service.ts(324,35): error TS18048: 'context.category' is possibly 'undefined'.
src/modules/pim/services/validation.service.ts(770,15): error TS7053: Element implicitly has an 'any' type because expression of type 'string' can't be used to index type '{}'.
  No index signature with a parameter of type 'string' was found on type '{}'.
src/modules/pim/services/validation.service.ts(770,28): error TS7053: Element implicitly has an 'any' type because expression of type 'string' can't be used to index type '{}'.
  No index signature with a parameter of type 'string' was found on type '{}'.
src/modules/pim/services/validation.service.ts(776,40): error TS18046: 'count' is of type 'unknown'.
src/modules/pim/services/validation.service.ts(976,9): error TS18048: 'product.images.gallery.length' is possibly 'undefined'.
src/modules/pim/services/validation.service.ts(1052,40): error TS2339: Property 'saBarcode' does not exist on type '{ icasaApproved?: boolean | undefined; sabsApproved?: boolean | undefined; nrcsApproved?: boolean | undefined; loadSheddingCritical?: boolean | undefined; }'.
src/modules/pim/test/african-tax-framework.service.spec.ts(108,40): error TS2322: Type '"country"' is not assignable to type 'TaxJurisdictionLevel'.
src/modules/pim/test/african-tax-framework.service.spec.ts(134,40): error TS2322: Type '"country"' is not assignable to type 'TaxJurisdictionLevel'.
src/modules/pim/test/african-tax-framework.service.spec.ts(161,40): error TS2322: Type '"country"' is not assignable to type 'TaxJurisdictionLevel'.
src/modules/pim/test/african-tax-framework.service.spec.ts(190,40): error TS2322: Type '"country"' is not assignable to type 'TaxJurisdictionLevel'.
src/modules/pim/test/african-tax-framework.service.spec.ts(217,40): error TS2322: Type '"country"' is not assignable to type 'TaxJurisdictionLevel'.
src/modules/pim/test/african-tax-framework.service.spec.ts(238,72): error TS2322: Type '{ id: string; jurisdiction: { country: string; region: string; level: "province"; }; taxType: TaxType; rate: number; name: string; validFrom: Date; validTo: null; createdAt: Date; updatedAt: Date; }' is not assignable to type 'TaxRateSchedule'.
  The types of 'jurisdiction.level' are incompatible between these types.
    Type '"province"' is not assignable to type 'TaxJurisdictionLevel'.
src/modules/pim/test/african-tax-framework.service.spec.ts(306,40): error TS2322: Type '"country"' is not assignable to type 'TaxJurisdictionLevel'.
src/modules/pim/test/african-tax-framework.service.spec.ts(331,40): error TS2322: Type '"country"' is not assignable to type 'TaxJurisdictionLevel'.
src/modules/pim/test/african-tax-framework.service.spec.ts(353,60): error TS2322: Type '{ id: string; jurisdiction: { country: string; level: "country"; }; taxType: TaxType; rate: number; name: string; validFrom: Date; validTo: null; description: string; legalReference: string; createdAt: Date; updatedAt: Date; }' is not assignable to type 'TaxRateSchedule'.
  The types of 'jurisdiction.level' are incompatible between these types.
    Type '"country"' is not assignable to type 'TaxJurisdictionLevel'.
src/modules/pim/test/african-tax-framework.service.spec.ts(415,74): error TS2345: Argument of type '{ id: string; jurisdiction: { country: string; level: "country"; }; taxType: TaxType; rate: number; name: string; validFrom: Date; validTo: null; metadata: { isSpecialRate: boolean; productType: string; }; createdAt: Date; updatedAt: Date; }[]' is not assignable to parameter of type 'TaxRateSchedule[] | Promise<TaxRateSchedule[]>'.
  Type '{ id: string; jurisdiction: { country: string; level: "country"; }; taxType: TaxType; rate: number; name: string; validFrom: Date; validTo: null; metadata: { isSpecialRate: boolean; productType: string; }; createdAt: Date; updatedAt: Date; }[]' is not assignable to type 'TaxRateSchedule[]'.
    Type '{ id: string; jurisdiction: { country: string; level: "country"; }; taxType: TaxType; rate: number; name: string; validFrom: Date; validTo: null; metadata: { isSpecialRate: boolean; productType: string; }; createdAt: Date; updatedAt: Date; }' is not assignable to type 'TaxRateSchedule'.
      The types of 'jurisdiction.level' are incompatible between these types.
        Type '"country"' is not assignable to type 'TaxJurisdictionLevel'.
src/modules/pim/test/product-variant.service.spec.ts(112,52): error TS2345: Argument of type '{ id: string; name: string; sku: string; status: ProductStatus; type: ProductType; description: string; attributes: never[]; categories: never[]; pricing: { basePrice: number; vatIncluded: boolean; currency: string; }; }' is not assignable to parameter of type 'Product | Promise<Product | null> | null'.
  Type '{ id: string; name: string; sku: string; status: ProductStatus; type: ProductType; description: string; attributes: never[]; categories: never[]; pricing: { basePrice: number; vatIncluded: boolean; currency: string; }; }' is missing the following properties from type 'Product': organizationId, createdAt, updatedAt
src/modules/pim/test/product-variant.service.spec.ts(169,52): error TS2345: Argument of type '{ id: string; attributes: { code: string; label: string; usedForVariants: boolean; }[]; }' is not assignable to parameter of type 'Product | Promise<Product | null> | null'.
  Type '{ id: string; attributes: { code: string; label: string; usedForVariants: boolean; }[]; }' is missing the following properties from type 'Product': sku, name, description, status, and 6 more.
src/modules/pim/test/product-variant.service.spec.ts(222,52): error TS2345: Argument of type '{ id: string; name: string; sku: string; attributes: { code: string; label: string; type: string; value: string; validation: { options: string[]; }; }[]; pricing: { basePrice: number; vatIncluded: boolean; currency: string; }; }' is not assignable to parameter of type 'Product | Promise<Product | null> | null'.
  Type '{ id: string; name: string; sku: string; attributes: { code: string; label: string; type: string; value: string; validation: { options: string[]; }; }[]; pricing: { basePrice: number; vatIncluded: boolean; currency: string; }; }' is missing the following properties from type 'Product': description, status, type, categories, and 3 more.
src/modules/pim/test/product-variant.service.spec.ts(243,14): error TS18048: 'result.data' is possibly 'undefined'.
